<?xml version="1.0" encoding="UTF-8" standalone="yes"?>
<ns2:test-suite start="1492185981078" stop="1492186028713" version="1.4.16" xmlns:ns2="urn:model.allure.qatools.yandex.ru">
    <name>Default suite : Default test</name>
    <title>Default suite : Default test</title>
    <test-cases>
        <test-case start="1492186001731" stop="1492186021078" status="broken">
            <name>cardInfo</name>
            <failure>
                <message>WebDriverException: unknown error: Element &lt;a class="cta" href="/travelads/trackredirect.html?trackingUrl=H4sIAAAAAAAAAD2Lx46jWAAA_6YvjJucRmqtwORoAzbYN-CRTOYBNu_rd3YOeyqpSlWv6wR_4_i6pHvRpQB-1x0slr34zscej_5aCcDwj2ryAt9p3BjXooP_p3PX5O0_f_a8bYZKSdf059xPp1W0HvYKlpaWirSx2tdnjfIpi6kPaXGaquLb8yPUNvuOH-o7vQRDX6p32vRCuoYTj6mwjg4JcqpIklLw_oB5pPKhJvjdMG2tdArVqzUulmsebJQvmYogd4SK3y5pSXVk65bnaU5mbfV9xnnlIBiNfHGvmVCLLw3Pyi6WYaWfK6nnMptrlua2TNtdGb10Z1tnkt2gkszkbTPdoLT6uiaEToqISzw58J2JDLFixcIR3wU_vVPrzswIzWFNu1Gx628BbaizJDcuL815e7SJrbCt-6YXG6ltfGlJSrmGCnS75Vnzmw7SafSrT87CByy04TXhfV0E0WPE4S4jzcBhMszb4tRZYT5w3n06Dxd_lp17vJ1oyEk2oOsI6E2pKdqIG93g6_vjlQio6mIUA8L8dDn7om8-uwdGr0SkGORvyO0ITDTH73vDfzg2lT-mWVn30EhmNmDtyU0i5Z42bddPxyrQJkJYCxPzodsj64TZ3R84B0uHZH8YxCJgSR6Vrfm53T9M1kiVOetBim7HFd4cZZbfRKh55yB0L2Iu33s8e2MLSMxb-Ykvw2bPFUo4nZZeHq0UNFu3BPbg1efFub1AeMR7yAUHORWMZngodB0_QozFUbjmuvKZt1MdIjas0YvB2VnRLZ1vS7U6WBIn8cHnS9_VNJaas0OrZYdBtLkSshPdOSy42tZywMsmSA-FEzwq6G0ZmCQ1R1GKsutmc100ag7YGDyfRu--93OrPQf4VLQBXishju4CtZjJg6fffvzSZMVqpUvXX9vMxpjnIXUu-vPkVFnJu2BjZU4Y4uAvlbI1T9aq2lsZYmflruEoNSZPWKyWyCxRTcmrQqmbFDP9Vc3Dwmwx0MZNN49ziD7c0Vmg-bQSIuCoeIe8ecu6v7jLvMjMdBVHIG_acBELGQkpJx-1drzSiN0OZAW7s7t64207rOpzCzGNe1_CGogMVMTn5p0zvL32ZCIdldBkSymDK5ElwXhtb0S9P1GZS-qSM74gz5OKxzFKNnyud4ZCJWeI7FKQqamVT9-e5a8lHdof8mst4HovFtiMg78Xy9KA4ofkef6b_UXxIv9N_qJEQvwmftEE9xc8zf8BQxHEf2BY7pv4ytMBNCBdC6PXtwb88KRYZAwgTzSTEicG0OUp48rylOZMwRN5ygMx-8qKNB8HE8KtAD8UQfIngjmRTERyvwn-N8F8GXDJa1P5IUVACiwDThyVcSeGJsBJFMrixOU5wdAiTRO5-C9IVtQ1JwUAAA..&amp;amp;targetUrl=H4sIAAAAAAAAAEWNwQ6CMBBE_2ZvKy1g0MPGi8jJeMBE8VbbJjQWCmX5fxsT9TKZvMzLZH1g6zNjWTm_bHoe_GFG3Vv9wrAy5UJWKErMJXyxG39UlnC71LRNeUw5YwxhQJGGzptoRxIwKZLA6knGLjq6iV0Y4XOKzpAsxW5f_EVlVs8L5dA1pySfmytV8GjvqbddTcUbuK2jBK8AAAA." target="_blank"&gt;...&lt;/a&gt; is not clickable at point (916, 572). Other element would receive the click: &lt;p&gt;...&lt;/p&gt;
  (Session info: chrome=57.0.2987.133)
  (Driver info: chromedriver=2.27.440174 (e97a722caafc2d3a8b807ee115bfb307f7d2cfd9),platform=Windows NT 10.0.14393 x86_64) (WARNING: The server did not provide any stacktrace information)
Command duration or timeout: 66 milliseconds
Build info: version: '3.0.1', revision: '1969d75', time: '2016-10-18 09:49:13 -0700'
System info: host: 'DESKTOP-T7V4247', ip: '192.168.75.1', os.name: 'Windows 10', os.arch: 'amd64', os.version: '10.0', java.version: '1.8.0_111'
Driver info: org.openqa.selenium.chrome.ChromeDriver
Capabilities [{applicationCacheEnabled=false, rotatable=false, mobileEmulationEnabled=false, networkConnectionEnabled=false, chrome={chromedriverVersion=2.27.440174 (e97a722caafc2d3a8b807ee115bfb307f7d2cfd9), userDataDir=C:\Users\bobby\AppData\Local\Temp\scoped_dir12536_18816}, takesHeapSnapshot=true, pageLoadStrategy=normal, databaseEnabled=false, handlesAlerts=true, hasTouchScreen=false, version=57.0.2987.133, platform=XP, browserConnectionEnabled=false, nativeEvents=true, acceptSslCerts=true, locationContextEnabled=true, webStorageEnabled=true, browserName=chrome, takesScreenshot=true, javascriptEnabled=true, cssSelectorsEnabled=true, unexpectedAlertBehaviour=}]
Session ID: 5aa5a8ccc7d3adab0bb9b6cd8004c192</message>
                <stack-trace>org.openqa.selenium.WebDriverException: unknown error: Element &lt;a class="cta" href="/travelads/trackredirect.html?trackingUrl=H4sIAAAAAAAAAD2Lx46jWAAA_6YvjJucRmqtwORoAzbYN-CRTOYBNu_rd3YOeyqpSlWv6wR_4_i6pHvRpQB-1x0slr34zscej_5aCcDwj2ryAt9p3BjXooP_p3PX5O0_f_a8bYZKSdf059xPp1W0HvYKlpaWirSx2tdnjfIpi6kPaXGaquLb8yPUNvuOH-o7vQRDX6p32vRCuoYTj6mwjg4JcqpIklLw_oB5pPKhJvjdMG2tdArVqzUulmsebJQvmYogd4SK3y5pSXVk65bnaU5mbfV9xnnlIBiNfHGvmVCLLw3Pyi6WYaWfK6nnMptrlua2TNtdGb10Z1tnkt2gkszkbTPdoLT6uiaEToqISzw58J2JDLFixcIR3wU_vVPrzswIzWFNu1Gx628BbaizJDcuL815e7SJrbCt-6YXG6ltfGlJSrmGCnS75Vnzmw7SafSrT87CByy04TXhfV0E0WPE4S4jzcBhMszb4tRZYT5w3n06Dxd_lp17vJ1oyEk2oOsI6E2pKdqIG93g6_vjlQio6mIUA8L8dDn7om8-uwdGr0SkGORvyO0ITDTH73vDfzg2lT-mWVn30EhmNmDtyU0i5Z42bddPxyrQJkJYCxPzodsj64TZ3R84B0uHZH8YxCJgSR6Vrfm53T9M1kiVOetBim7HFd4cZZbfRKh55yB0L2Iu33s8e2MLSMxb-Ykvw2bPFUo4nZZeHq0UNFu3BPbg1efFub1AeMR7yAUHORWMZngodB0_QozFUbjmuvKZt1MdIjas0YvB2VnRLZ1vS7U6WBIn8cHnS9_VNJaas0OrZYdBtLkSshPdOSy42tZywMsmSA-FEzwq6G0ZmCQ1R1GKsutmc100ag7YGDyfRu--93OrPQf4VLQBXishju4CtZjJg6fffvzSZMVqpUvXX9vMxpjnIXUu-vPkVFnJu2BjZU4Y4uAvlbI1T9aq2lsZYmflruEoNSZPWKyWyCxRTcmrQqmbFDP9Vc3Dwmwx0MZNN49ziD7c0Vmg-bQSIuCoeIe8ecu6v7jLvMjMdBVHIG_acBELGQkpJx-1drzSiN0OZAW7s7t64207rOpzCzGNe1_CGogMVMTn5p0zvL32ZCIdldBkSymDK5ElwXhtb0S9P1GZS-qSM74gz5OKxzFKNnyud4ZCJWeI7FKQqamVT9-e5a8lHdof8mst4HovFtiMg78Xy9KA4ofkef6b_UXxIv9N_qJEQvwmftEE9xc8zf8BQxHEf2BY7pv4ytMBNCBdC6PXtwb88KRYZAwgTzSTEicG0OUp48rylOZMwRN5ygMx-8qKNB8HE8KtAD8UQfIngjmRTERyvwn-N8F8GXDJa1P5IUVACiwDThyVcSeGJsBJFMrixOU5wdAiTRO5-C9IVtQ1JwUAAA..&amp;amp;targetUrl=H4sIAAAAAAAAAEWNwQ6CMBBE_2ZvKy1g0MPGi8jJeMBE8VbbJjQWCmX5fxsT9TKZvMzLZH1g6zNjWTm_bHoe_GFG3Vv9wrAy5UJWKErMJXyxG39UlnC71LRNeUw5YwxhQJGGzptoRxIwKZLA6knGLjq6iV0Y4XOKzpAsxW5f_EVlVs8L5dA1pySfmytV8GjvqbddTcUbuK2jBK8AAAA." target="_blank"&gt;...&lt;/a&gt; is not clickable at point (916, 572). Other element would receive the click: &lt;p&gt;...&lt;/p&gt;
  (Session info: chrome=57.0.2987.133)
  (Driver info: chromedriver=2.27.440174 (e97a722caafc2d3a8b807ee115bfb307f7d2cfd9),platform=Windows NT 10.0.14393 x86_64) (WARNING: The server did not provide any stacktrace information)
Command duration or timeout: 66 milliseconds
Build info: version: '3.0.1', revision: '1969d75', time: '2016-10-18 09:49:13 -0700'
System info: host: 'DESKTOP-T7V4247', ip: '192.168.75.1', os.name: 'Windows 10', os.arch: 'amd64', os.version: '10.0', java.version: '1.8.0_111'
Driver info: org.openqa.selenium.chrome.ChromeDriver
Capabilities [{applicationCacheEnabled=false, rotatable=false, mobileEmulationEnabled=false, networkConnectionEnabled=false, chrome={chromedriverVersion=2.27.440174 (e97a722caafc2d3a8b807ee115bfb307f7d2cfd9), userDataDir=C:\Users\bobby\AppData\Local\Temp\scoped_dir12536_18816}, takesHeapSnapshot=true, pageLoadStrategy=normal, databaseEnabled=false, handlesAlerts=true, hasTouchScreen=false, version=57.0.2987.133, platform=XP, browserConnectionEnabled=false, nativeEvents=true, acceptSslCerts=true, locationContextEnabled=true, webStorageEnabled=true, browserName=chrome, takesScreenshot=true, javascriptEnabled=true, cssSelectorsEnabled=true, unexpectedAlertBehaviour=}]
Session ID: 5aa5a8ccc7d3adab0bb9b6cd8004c192
	at sun.reflect.NativeConstructorAccessorImpl.newInstance0(Native Method)
	at sun.reflect.NativeConstructorAccessorImpl.newInstance(Unknown Source)
	at sun.reflect.DelegatingConstructorAccessorImpl.newInstance(Unknown Source)
	at java.lang.reflect.Constructor.newInstance(Unknown Source)
	at org.openqa.selenium.remote.ErrorHandler.createThrowable(ErrorHandler.java:216)
	at org.openqa.selenium.remote.ErrorHandler.throwIfResponseFailed(ErrorHandler.java:168)
	at org.openqa.selenium.remote.RemoteWebDriver.execute(RemoteWebDriver.java:635)
	at org.openqa.selenium.remote.RemoteWebElement.execute(RemoteWebElement.java:274)
	at org.openqa.selenium.remote.RemoteWebElement.click(RemoteWebElement.java:84)
	at com.hotels.bootcamp.qa_autoation_bobby.BasePage.clickOn(BasePage.java:39)
	at com.hotels.bootcamp.qa_autoation_bobby.NewLandingPage.clickStuff(NewLandingPage.java:19)
	at com.hotels.bootcamp.qa_autoation_bobby.TestCardNumberandPin.cardInfo(TestCardNumberandPin.java:33)
	at sun.reflect.NativeMethodAccessorImpl.invoke0(Native Method)
	at sun.reflect.NativeMethodAccessorImpl.invoke(Unknown Source)
	at sun.reflect.DelegatingMethodAccessorImpl.invoke(Unknown Source)
	at java.lang.reflect.Method.invoke(Unknown Source)
	at org.testng.internal.MethodInvocationHelper.invokeMethod(MethodInvocationHelper.java:104)
	at org.testng.internal.Invoker.invokeMethod(Invoker.java:645)
	at org.testng.internal.Invoker.invokeTestMethod(Invoker.java:851)
	at org.testng.internal.Invoker.invokeTestMethods(Invoker.java:1177)
	at org.testng.internal.TestMethodWorker.invokeTestMethods(TestMethodWorker.java:129)
	at org.testng.internal.TestMethodWorker.run(TestMethodWorker.java:112)
	at org.testng.TestRunner.privateRun(TestRunner.java:756)
	at org.testng.TestRunner.run(TestRunner.java:610)
	at org.testng.SuiteRunner.runTest(SuiteRunner.java:387)
	at org.testng.SuiteRunner.runSequentially(SuiteRunner.java:382)
	at org.testng.SuiteRunner.privateRun(SuiteRunner.java:340)
	at org.testng.SuiteRunner.run(SuiteRunner.java:289)
	at org.testng.SuiteRunnerWorker.runSuite(SuiteRunnerWorker.java:52)
	at org.testng.SuiteRunnerWorker.run(SuiteRunnerWorker.java:86)
	at org.testng.TestNG.runSuitesSequentially(TestNG.java:1293)
	at org.testng.TestNG.runSuitesLocally(TestNG.java:1218)
	at org.testng.TestNG.runSuites(TestNG.java:1133)
	at org.testng.TestNG.run(TestNG.java:1104)
	at org.testng.remote.AbstractRemoteTestNG.run(AbstractRemoteTestNG.java:132)
	at org.testng.remote.RemoteTestNG.initAndRun(RemoteTestNG.java:236)
	at org.testng.remote.RemoteTestNG.main(RemoteTestNG.java:81)
</stack-trace>
            </failure>
            <steps/>
            <attachments/>
            <labels>
                <label name="host" value="DESKTOP-T7V4247"/>
                <label name="thread" value="7504@DESKTOP-T7V4247.main(1)"/>
            </labels>
        </test-case>
    </test-cases>
    <labels>
        <label name="framework" value="TestNG"/>
        <label name="language" value="JAVA"/>
    </labels>
</ns2:test-suite>
