<?xml version="1.0" encoding="UTF-8" standalone="yes"?>
<ns2:test-suite start="1492185883849" stop="1492185923107" version="1.4.16" xmlns:ns2="urn:model.allure.qatools.yandex.ru">
    <name>Default suite : Default test</name>
    <title>Default suite : Default test</title>
    <test-cases>
        <test-case start="1492185905796" stop="1492185916449" status="broken">
            <name>cardInfo</name>
            <failure>
                <message>WebDriverException: unknown error: Element &lt;a class="cta" href="/travelads/trackredirect.html?trackingUrl=H4sIAAAAAAAAAD2Rx46rWABE_6Y3fm7SvYSWWiNsgg3YNNHAjnDJORq-fnreYlZHOqValCqf5376wrB5DFdUh8n0mdcTGlf0GXcNZv-1fDJZv6qIEbZS2K2bUT39H13rIq7--a3HVdFmQjiH39emP6taRhZzxdYp4AO_G_CRgYExGEcrRg9800Bwh6bUMfiPhrqHSPObkRmcyew7fLKX4LjH2gNa6Y0R4aIoDD4Jguotx7xjww62ZG32Pt26p7dLvsFJbEYe71Y9_I66Yxx8wiQvvYtviimRRLE-aJhlucZw1LkmU0qLl4rzY1OqHYCsFd67cZurZdW6O3zDR2xCHrswTuDs9vYSrM3aLQy7CXIOXL2ui8ziN3Gx2TmTh6meH5aXrS67Ay8WrpektQogH6ymUKpqi4rJPQ7CJCz9LgoZKXEzUCtd59h3FjKSPV3i6jFk4jvQ6MrajKbcUVV0ZJoIF73XVqVkcv_2WslTHPsnzhEITnFetm6FrKY9FpyTKV6UcswtmaKJJ9PGUgNiw1CK7OHCXnrVBq3QMKJLeyf4QUPAXj10U3TDeEe0ix3UyYGMG9mmU7fp2r6bqtB8MYtUfRIMibzm7FtZcGsSpr4miSBXjktOt0aLxN8fpfeRRI-HYaaiWK6OTJT1DRdbOIW54XEeo8ZptCjkC-faeQTpJrmVLU-gl3kTXryhR0ED1H4C8-bszeWBx4gbmMkdTyf3-mreWcBaNhjK-2IFteW-V12uD0risGQc02f_Zn_uqzYvGQ5pzBGaQf7d0xq9dwHKxKGeC-70IfPSGA1P17_m9mMQuKdKJafgut-POYh-yntTP9jsaYiYQNjKouizcsXBbX7xWuZvJapFO9DzU5PN75Z7u3wzCM_S7Y4TD5cTARxzoplrmtw8lvXVZGTKdP2Zl21q2uICMlUQ7NCsI4fR8WUTEnSy5ZffEDz1WmSbGLDo-greautnLuhGaaD646dKH4KAWQvvdNqBzzlTpX51HZ8RcDg6GuVqMAtoGSxFXgKYdSf7hU3-JPKxXHohzH9mbNoeiSABWqleLOMsehSZnrTtx816IbUBL90BkK3M9EqWrBQWxqkkG7nryjITBWpgWF1x1IjKTmKqrLtXwhV4_pRpsn4TY_0ZXSNsqr0-rU2CKrY5indtwmaVl6gugPpw9MiQ1hPiP8awrb6JjxlNs4vGqehafUXjWCTom2AY5pP8QzIc80n8ITmc-8T_UDj9FwzF_AKQOP4fAKQ_8Y84bJMiCWd0a-SlSL4RpLmQgdQZMQl3BiwVn0OA6HME45gkEyLESfQRoTDu2vs0LSj5JnGCOePgTACboL9w-AWpj9s0xvld-IYxSSAE4ZkI0_AMUEyew4RMzwyHxywXJTBE5L8hnU4MJwUAAA..&amp;amp;targetUrl=H4sIAAAAAAAAAEWNwQ6CMBBE_2ZvKy1g0MPGi8jJeMBE8VbbJjQWCmX5fxsT9TKZvMzLZH1g6zNjWTm_bHoe_GFG3Vv9wrAy5UJWKErMJXyxG39UlnC71LRNeUw5YwxhQJGGzptoRxIwKZLA6knGLjq6iV0Y4XOKzpAsxW5f_EVlVs8L5dA1pySfmytV8GjvqbddTcUbuK2jBK8AAAA." target="_blank"&gt;...&lt;/a&gt; is not clickable at point (916, 572). Other element would receive the click: &lt;p&gt;...&lt;/p&gt;
  (Session info: chrome=57.0.2987.133)
  (Driver info: chromedriver=2.27.440174 (e97a722caafc2d3a8b807ee115bfb307f7d2cfd9),platform=Windows NT 10.0.14393 x86_64) (WARNING: The server did not provide any stacktrace information)
Command duration or timeout: 65 milliseconds
Build info: version: '3.0.1', revision: '1969d75', time: '2016-10-18 09:49:13 -0700'
System info: host: 'DESKTOP-T7V4247', ip: '192.168.75.1', os.name: 'Windows 10', os.arch: 'amd64', os.version: '10.0', java.version: '1.8.0_111'
Driver info: org.openqa.selenium.chrome.ChromeDriver
Capabilities [{applicationCacheEnabled=false, rotatable=false, mobileEmulationEnabled=false, networkConnectionEnabled=false, chrome={chromedriverVersion=2.27.440174 (e97a722caafc2d3a8b807ee115bfb307f7d2cfd9), userDataDir=C:\Users\bobby\AppData\Local\Temp\scoped_dir13840_17619}, takesHeapSnapshot=true, pageLoadStrategy=normal, databaseEnabled=false, handlesAlerts=true, hasTouchScreen=false, version=57.0.2987.133, platform=XP, browserConnectionEnabled=false, nativeEvents=true, acceptSslCerts=true, locationContextEnabled=true, webStorageEnabled=true, browserName=chrome, takesScreenshot=true, javascriptEnabled=true, cssSelectorsEnabled=true, unexpectedAlertBehaviour=}]
Session ID: d3f2b4eaa70274519fb50d2a639d3afd</message>
                <stack-trace>org.openqa.selenium.WebDriverException: unknown error: Element &lt;a class="cta" href="/travelads/trackredirect.html?trackingUrl=H4sIAAAAAAAAAD2Rx46rWABE_6Y3fm7SvYSWWiNsgg3YNNHAjnDJORq-fnreYlZHOqValCqf5376wrB5DFdUh8n0mdcTGlf0GXcNZv-1fDJZv6qIEbZS2K2bUT39H13rIq7--a3HVdFmQjiH39emP6taRhZzxdYp4AO_G_CRgYExGEcrRg9800Bwh6bUMfiPhrqHSPObkRmcyew7fLKX4LjH2gNa6Y0R4aIoDD4Jguotx7xjww62ZG32Pt26p7dLvsFJbEYe71Y9_I66Yxx8wiQvvYtviimRRLE-aJhlucZw1LkmU0qLl4rzY1OqHYCsFd67cZurZdW6O3zDR2xCHrswTuDs9vYSrM3aLQy7CXIOXL2ui8ziN3Gx2TmTh6meH5aXrS67Ay8WrpektQogH6ymUKpqi4rJPQ7CJCz9LgoZKXEzUCtd59h3FjKSPV3i6jFk4jvQ6MrajKbcUVV0ZJoIF73XVqVkcv_2WslTHPsnzhEITnFetm6FrKY9FpyTKV6UcswtmaKJJ9PGUgNiw1CK7OHCXnrVBq3QMKJLeyf4QUPAXj10U3TDeEe0ix3UyYGMG9mmU7fp2r6bqtB8MYtUfRIMibzm7FtZcGsSpr4miSBXjktOt0aLxN8fpfeRRI-HYaaiWK6OTJT1DRdbOIW54XEeo8ZptCjkC-faeQTpJrmVLU-gl3kTXryhR0ED1H4C8-bszeWBx4gbmMkdTyf3-mreWcBaNhjK-2IFteW-V12uD0risGQc02f_Zn_uqzYvGQ5pzBGaQf7d0xq9dwHKxKGeC-70IfPSGA1P17_m9mMQuKdKJafgut-POYh-yntTP9jsaYiYQNjKouizcsXBbX7xWuZvJapFO9DzU5PN75Z7u3wzCM_S7Y4TD5cTARxzoplrmtw8lvXVZGTKdP2Zl21q2uICMlUQ7NCsI4fR8WUTEnSy5ZffEDz1WmSbGLDo-greautnLuhGaaD646dKH4KAWQvvdNqBzzlTpX51HZ8RcDg6GuVqMAtoGSxFXgKYdSf7hU3-JPKxXHohzH9mbNoeiSABWqleLOMsehSZnrTtx816IbUBL90BkK3M9EqWrBQWxqkkG7nryjITBWpgWF1x1IjKTmKqrLtXwhV4_pRpsn4TY_0ZXSNsqr0-rU2CKrY5indtwmaVl6gugPpw9MiQ1hPiP8awrb6JjxlNs4vGqehafUXjWCTom2AY5pP8QzIc80n8ITmc-8T_UDj9FwzF_AKQOP4fAKQ_8Y84bJMiCWd0a-SlSL4RpLmQgdQZMQl3BiwVn0OA6HME45gkEyLESfQRoTDu2vs0LSj5JnGCOePgTACboL9w-AWpj9s0xvld-IYxSSAE4ZkI0_AMUEyew4RMzwyHxywXJTBE5L8hnU4MJwUAAA..&amp;amp;targetUrl=H4sIAAAAAAAAAEWNwQ6CMBBE_2ZvKy1g0MPGi8jJeMBE8VbbJjQWCmX5fxsT9TKZvMzLZH1g6zNjWTm_bHoe_GFG3Vv9wrAy5UJWKErMJXyxG39UlnC71LRNeUw5YwxhQJGGzptoRxIwKZLA6knGLjq6iV0Y4XOKzpAsxW5f_EVlVs8L5dA1pySfmytV8GjvqbddTcUbuK2jBK8AAAA." target="_blank"&gt;...&lt;/a&gt; is not clickable at point (916, 572). Other element would receive the click: &lt;p&gt;...&lt;/p&gt;
  (Session info: chrome=57.0.2987.133)
  (Driver info: chromedriver=2.27.440174 (e97a722caafc2d3a8b807ee115bfb307f7d2cfd9),platform=Windows NT 10.0.14393 x86_64) (WARNING: The server did not provide any stacktrace information)
Command duration or timeout: 65 milliseconds
Build info: version: '3.0.1', revision: '1969d75', time: '2016-10-18 09:49:13 -0700'
System info: host: 'DESKTOP-T7V4247', ip: '192.168.75.1', os.name: 'Windows 10', os.arch: 'amd64', os.version: '10.0', java.version: '1.8.0_111'
Driver info: org.openqa.selenium.chrome.ChromeDriver
Capabilities [{applicationCacheEnabled=false, rotatable=false, mobileEmulationEnabled=false, networkConnectionEnabled=false, chrome={chromedriverVersion=2.27.440174 (e97a722caafc2d3a8b807ee115bfb307f7d2cfd9), userDataDir=C:\Users\bobby\AppData\Local\Temp\scoped_dir13840_17619}, takesHeapSnapshot=true, pageLoadStrategy=normal, databaseEnabled=false, handlesAlerts=true, hasTouchScreen=false, version=57.0.2987.133, platform=XP, browserConnectionEnabled=false, nativeEvents=true, acceptSslCerts=true, locationContextEnabled=true, webStorageEnabled=true, browserName=chrome, takesScreenshot=true, javascriptEnabled=true, cssSelectorsEnabled=true, unexpectedAlertBehaviour=}]
Session ID: d3f2b4eaa70274519fb50d2a639d3afd
	at sun.reflect.NativeConstructorAccessorImpl.newInstance0(Native Method)
	at sun.reflect.NativeConstructorAccessorImpl.newInstance(Unknown Source)
	at sun.reflect.DelegatingConstructorAccessorImpl.newInstance(Unknown Source)
	at java.lang.reflect.Constructor.newInstance(Unknown Source)
	at org.openqa.selenium.remote.ErrorHandler.createThrowable(ErrorHandler.java:216)
	at org.openqa.selenium.remote.ErrorHandler.throwIfResponseFailed(ErrorHandler.java:168)
	at org.openqa.selenium.remote.RemoteWebDriver.execute(RemoteWebDriver.java:635)
	at org.openqa.selenium.remote.RemoteWebElement.execute(RemoteWebElement.java:274)
	at org.openqa.selenium.remote.RemoteWebElement.click(RemoteWebElement.java:84)
	at com.hotels.bootcamp.qa_autoation_bobby.BasePage.clickOn(BasePage.java:39)
	at com.hotels.bootcamp.qa_autoation_bobby.NewLandingPage.clickStuff(NewLandingPage.java:19)
	at com.hotels.bootcamp.qa_autoation_bobby.TestCardNumberandPin.cardInfo(TestCardNumberandPin.java:33)
	at sun.reflect.NativeMethodAccessorImpl.invoke0(Native Method)
	at sun.reflect.NativeMethodAccessorImpl.invoke(Unknown Source)
	at sun.reflect.DelegatingMethodAccessorImpl.invoke(Unknown Source)
	at java.lang.reflect.Method.invoke(Unknown Source)
	at org.testng.internal.MethodInvocationHelper.invokeMethod(MethodInvocationHelper.java:104)
	at org.testng.internal.Invoker.invokeMethod(Invoker.java:645)
	at org.testng.internal.Invoker.invokeTestMethod(Invoker.java:851)
	at org.testng.internal.Invoker.invokeTestMethods(Invoker.java:1177)
	at org.testng.internal.TestMethodWorker.invokeTestMethods(TestMethodWorker.java:129)
	at org.testng.internal.TestMethodWorker.run(TestMethodWorker.java:112)
	at org.testng.TestRunner.privateRun(TestRunner.java:756)
	at org.testng.TestRunner.run(TestRunner.java:610)
	at org.testng.SuiteRunner.runTest(SuiteRunner.java:387)
	at org.testng.SuiteRunner.runSequentially(SuiteRunner.java:382)
	at org.testng.SuiteRunner.privateRun(SuiteRunner.java:340)
	at org.testng.SuiteRunner.run(SuiteRunner.java:289)
	at org.testng.SuiteRunnerWorker.runSuite(SuiteRunnerWorker.java:52)
	at org.testng.SuiteRunnerWorker.run(SuiteRunnerWorker.java:86)
	at org.testng.TestNG.runSuitesSequentially(TestNG.java:1293)
	at org.testng.TestNG.runSuitesLocally(TestNG.java:1218)
	at org.testng.TestNG.runSuites(TestNG.java:1133)
	at org.testng.TestNG.run(TestNG.java:1104)
	at org.testng.remote.AbstractRemoteTestNG.run(AbstractRemoteTestNG.java:132)
	at org.testng.remote.RemoteTestNG.initAndRun(RemoteTestNG.java:236)
	at org.testng.remote.RemoteTestNG.main(RemoteTestNG.java:81)
</stack-trace>
            </failure>
            <steps/>
            <attachments/>
            <labels>
                <label name="host" value="DESKTOP-T7V4247"/>
                <label name="thread" value="12164@DESKTOP-T7V4247.main(1)"/>
            </labels>
        </test-case>
    </test-cases>
    <labels>
        <label name="framework" value="TestNG"/>
        <label name="language" value="JAVA"/>
    </labels>
</ns2:test-suite>
