<?xml version="1.0" encoding="UTF-8" standalone="yes"?>
<ns2:test-suite start="1492186067383" stop="1492186097324" version="1.4.16" xmlns:ns2="urn:model.allure.qatools.yandex.ru">
    <name>Default suite : Default test</name>
    <title>Default suite : Default test</title>
    <test-cases>
        <test-case start="1492186079144" stop="1492186091684" status="broken">
            <name>cardInfo</name>
            <failure>
                <message>WebDriverException: unknown error: Element &lt;a class="cta" href="/travelads/trackredirect.html?trackingUrl=H4sIAAAAAAAAAD2SybKqygJE_2ZPOG4KEApOxI4bSiOdgqKCzKAopG8LBL7-7XcHd7QiVmbOMiOkG__SNBmiGVdRMn5n1YiHGX-jtqbv_9pDMnq_KkeYnjlabwmuxv8iucpR-c_vHJV581YiEv3IdbcjkvmySDKU3AFHuVkWC7mjCW5lBktNxOlQaSrVCL6joAflgsdjImYXWn5uTquIOBl2dyeM0ZKe0nYyxJxeQ9Su51a1qXMArYzABwLq1hW4IHaq-2oE6pcY9oaKSsdDh2d3urw9IaVsFBWZnUIFr3A5tzRhVb-PUBTq4uFu66eWZI3glv4MhhM1rnr35jq0LKMmzWO3jqga-_ReOcVTX2xSZx7piZ3DwlKKIP-MsVE3F6M6U9F2zDs8KQFJVXGzhtDX3BicpIW2mxAZTRXP9TmzP9cLTb8NDTj09Mrl1rkMJLqylVW6p0JebV_zJF5Xo-7OseN8sMz6ZJfGqgAhmI5t_lK1Eij7MOanQVkbKz3Vj9dRstz9uB79a-54zrPGAwjPjdxGFd4aF2_LvAjg2O8_eit-rrXgSM--D_wuWQc8NXjYR-LcWZpS2_HNyooP73yGw4q8SfXGh-yDyXWaZ92LaoC2x-Sl8jU30EfyNB5oUqLqft_mfHE6u2F-8dwqjFVWMWffKKbI6H30mktRY9_T255UhUukGWg0Xx-gZa4TFZeNd-xvUjH0hddMFvsEepa7ftfWT3XhynS7fLY0CoSEuYnl5GOu6o8H_lUyGc3DiKxMxebGGIFOafJqthXPt6MZcIMoX_HLmfwbzZ9Jdb3VRb-8Z1oP5YK1CtnWHCqrGTa4aMZFCJfjxSD99ErrVzleZ_VCobSvxGv3DpyxX2tijgJ8XFQZigan5itfFtKjJJPBqJ37OL4Wa4tzh51zylwc_upZVBfrdyOWaCas6kZkAuW6tdA3OAF29MctFJaY8_nOF0_kpkJd9QeY0v54_jSylcX61by7ilzKZ7u0p0fvB74ytrWG5DdYnfRhqUye8bW53fgNePHou8tnZjoyZeLthZMVYH4735LPePukK1lZtc82lVpbqtignHqCbCpiBmM1z-pK629K7slcAODsIP5ChZPuD5HWstLpeV7MbWnxsPKf-xZUL66468H796memKttbRZZ4I2nxKPKCwmHCxYcn1uwzCbV1xA15Q_zRfBInngY87ZxZjwMeYJ_GAjhN_uHhRL8Zv6wEpC-wR8OCP8CcvAXexaA_2PPC9_gC0VNkicRwXp9mvLkR8ACLwgM3CUxArs9hGgnAZHbcUDi-JSH_F7EXzGOUNsY4zjh5IcFv22w3zH7OyP8BeLfPfjSxwFlhvITxVjYx6y4Y1gh2u0ZCHYxuxd3URzjBDKYTfjkfzoOszUnBQAA&amp;amp;targetUrl=H4sIAAAAAAAAAEWNwQ6CMBBE_2ZvKy1g0MPGi8jJeMBE8VbbJjQWCmX5fxsT9TKZvMzLZH1g6zNjWTm_bHoe_GFG3Vv9wrAy5UJWKErMJXyxG39UlnC71LRNeUw5YwxhQJGGzptoRxIwKZLA6knGLjq6iV0Y4XOKzpAsxW5f_EVlVs8L5dA1pySfmytV8GjvqbddTcUbuK2jBK8AAAA." target="_blank"&gt;...&lt;/a&gt; is not clickable at point (916, 572). Other element would receive the click: &lt;p&gt;...&lt;/p&gt;
  (Session info: chrome=57.0.2987.133)
  (Driver info: chromedriver=2.27.440174 (e97a722caafc2d3a8b807ee115bfb307f7d2cfd9),platform=Windows NT 10.0.14393 x86_64) (WARNING: The server did not provide any stacktrace information)
Command duration or timeout: 86 milliseconds
Build info: version: '3.0.1', revision: '1969d75', time: '2016-10-18 09:49:13 -0700'
System info: host: 'DESKTOP-T7V4247', ip: '192.168.75.1', os.name: 'Windows 10', os.arch: 'amd64', os.version: '10.0', java.version: '1.8.0_111'
Driver info: org.openqa.selenium.chrome.ChromeDriver
Capabilities [{applicationCacheEnabled=false, rotatable=false, mobileEmulationEnabled=false, networkConnectionEnabled=false, chrome={chromedriverVersion=2.27.440174 (e97a722caafc2d3a8b807ee115bfb307f7d2cfd9), userDataDir=C:\Users\bobby\AppData\Local\Temp\scoped_dir12412_32501}, takesHeapSnapshot=true, pageLoadStrategy=normal, databaseEnabled=false, handlesAlerts=true, hasTouchScreen=false, version=57.0.2987.133, platform=XP, browserConnectionEnabled=false, nativeEvents=true, acceptSslCerts=true, locationContextEnabled=true, webStorageEnabled=true, browserName=chrome, takesScreenshot=true, javascriptEnabled=true, cssSelectorsEnabled=true, unexpectedAlertBehaviour=}]
Session ID: 93e1ac908365fd370c7bf5f331e7e398</message>
                <stack-trace>org.openqa.selenium.WebDriverException: unknown error: Element &lt;a class="cta" href="/travelads/trackredirect.html?trackingUrl=H4sIAAAAAAAAAD2SybKqygJE_2ZPOG4KEApOxI4bSiOdgqKCzKAopG8LBL7-7XcHd7QiVmbOMiOkG__SNBmiGVdRMn5n1YiHGX-jtqbv_9pDMnq_KkeYnjlabwmuxv8iucpR-c_vHJV581YiEv3IdbcjkvmySDKU3AFHuVkWC7mjCW5lBktNxOlQaSrVCL6joAflgsdjImYXWn5uTquIOBl2dyeM0ZKe0nYyxJxeQ9Su51a1qXMArYzABwLq1hW4IHaq-2oE6pcY9oaKSsdDh2d3urw9IaVsFBWZnUIFr3A5tzRhVb-PUBTq4uFu66eWZI3glv4MhhM1rnr35jq0LKMmzWO3jqga-_ReOcVTX2xSZx7piZ3DwlKKIP-MsVE3F6M6U9F2zDs8KQFJVXGzhtDX3BicpIW2mxAZTRXP9TmzP9cLTb8NDTj09Mrl1rkMJLqylVW6p0JebV_zJF5Xo-7OseN8sMz6ZJfGqgAhmI5t_lK1Eij7MOanQVkbKz3Vj9dRstz9uB79a-54zrPGAwjPjdxGFd4aF2_LvAjg2O8_eit-rrXgSM--D_wuWQc8NXjYR-LcWZpS2_HNyooP73yGw4q8SfXGh-yDyXWaZ92LaoC2x-Sl8jU30EfyNB5oUqLqft_mfHE6u2F-8dwqjFVWMWffKKbI6H30mktRY9_T255UhUukGWg0Xx-gZa4TFZeNd-xvUjH0hddMFvsEepa7ftfWT3XhynS7fLY0CoSEuYnl5GOu6o8H_lUyGc3DiKxMxebGGIFOafJqthXPt6MZcIMoX_HLmfwbzZ9Jdb3VRb-8Z1oP5YK1CtnWHCqrGTa4aMZFCJfjxSD99ErrVzleZ_VCobSvxGv3DpyxX2tijgJ8XFQZigan5itfFtKjJJPBqJ37OL4Wa4tzh51zylwc_upZVBfrdyOWaCas6kZkAuW6tdA3OAF29MctFJaY8_nOF0_kpkJd9QeY0v54_jSylcX61by7ilzKZ7u0p0fvB74ytrWG5DdYnfRhqUye8bW53fgNePHou8tnZjoyZeLthZMVYH4735LPePukK1lZtc82lVpbqtignHqCbCpiBmM1z-pK629K7slcAODsIP5ChZPuD5HWstLpeV7MbWnxsPKf-xZUL66468H796memKttbRZZ4I2nxKPKCwmHCxYcn1uwzCbV1xA15Q_zRfBInngY87ZxZjwMeYJ_GAjhN_uHhRL8Zv6wEpC-wR8OCP8CcvAXexaA_2PPC9_gC0VNkicRwXp9mvLkR8ACLwgM3CUxArs9hGgnAZHbcUDi-JSH_F7EXzGOUNsY4zjh5IcFv22w3zH7OyP8BeLfPfjSxwFlhvITxVjYx6y4Y1gh2u0ZCHYxuxd3URzjBDKYTfjkfzoOszUnBQAA&amp;amp;targetUrl=H4sIAAAAAAAAAEWNwQ6CMBBE_2ZvKy1g0MPGi8jJeMBE8VbbJjQWCmX5fxsT9TKZvMzLZH1g6zNjWTm_bHoe_GFG3Vv9wrAy5UJWKErMJXyxG39UlnC71LRNeUw5YwxhQJGGzptoRxIwKZLA6knGLjq6iV0Y4XOKzpAsxW5f_EVlVs8L5dA1pySfmytV8GjvqbddTcUbuK2jBK8AAAA." target="_blank"&gt;...&lt;/a&gt; is not clickable at point (916, 572). Other element would receive the click: &lt;p&gt;...&lt;/p&gt;
  (Session info: chrome=57.0.2987.133)
  (Driver info: chromedriver=2.27.440174 (e97a722caafc2d3a8b807ee115bfb307f7d2cfd9),platform=Windows NT 10.0.14393 x86_64) (WARNING: The server did not provide any stacktrace information)
Command duration or timeout: 86 milliseconds
Build info: version: '3.0.1', revision: '1969d75', time: '2016-10-18 09:49:13 -0700'
System info: host: 'DESKTOP-T7V4247', ip: '192.168.75.1', os.name: 'Windows 10', os.arch: 'amd64', os.version: '10.0', java.version: '1.8.0_111'
Driver info: org.openqa.selenium.chrome.ChromeDriver
Capabilities [{applicationCacheEnabled=false, rotatable=false, mobileEmulationEnabled=false, networkConnectionEnabled=false, chrome={chromedriverVersion=2.27.440174 (e97a722caafc2d3a8b807ee115bfb307f7d2cfd9), userDataDir=C:\Users\bobby\AppData\Local\Temp\scoped_dir12412_32501}, takesHeapSnapshot=true, pageLoadStrategy=normal, databaseEnabled=false, handlesAlerts=true, hasTouchScreen=false, version=57.0.2987.133, platform=XP, browserConnectionEnabled=false, nativeEvents=true, acceptSslCerts=true, locationContextEnabled=true, webStorageEnabled=true, browserName=chrome, takesScreenshot=true, javascriptEnabled=true, cssSelectorsEnabled=true, unexpectedAlertBehaviour=}]
Session ID: 93e1ac908365fd370c7bf5f331e7e398
	at sun.reflect.NativeConstructorAccessorImpl.newInstance0(Native Method)
	at sun.reflect.NativeConstructorAccessorImpl.newInstance(Unknown Source)
	at sun.reflect.DelegatingConstructorAccessorImpl.newInstance(Unknown Source)
	at java.lang.reflect.Constructor.newInstance(Unknown Source)
	at org.openqa.selenium.remote.ErrorHandler.createThrowable(ErrorHandler.java:216)
	at org.openqa.selenium.remote.ErrorHandler.throwIfResponseFailed(ErrorHandler.java:168)
	at org.openqa.selenium.remote.RemoteWebDriver.execute(RemoteWebDriver.java:635)
	at org.openqa.selenium.remote.RemoteWebElement.execute(RemoteWebElement.java:274)
	at org.openqa.selenium.remote.RemoteWebElement.click(RemoteWebElement.java:84)
	at com.hotels.bootcamp.qa_autoation_bobby.BasePage.clickOn(BasePage.java:39)
	at com.hotels.bootcamp.qa_autoation_bobby.NewLandingPage.clickStuff(NewLandingPage.java:19)
	at com.hotels.bootcamp.qa_autoation_bobby.TestCardNumberandPin.cardInfo(TestCardNumberandPin.java:33)
	at sun.reflect.NativeMethodAccessorImpl.invoke0(Native Method)
	at sun.reflect.NativeMethodAccessorImpl.invoke(Unknown Source)
	at sun.reflect.DelegatingMethodAccessorImpl.invoke(Unknown Source)
	at java.lang.reflect.Method.invoke(Unknown Source)
	at org.testng.internal.MethodInvocationHelper.invokeMethod(MethodInvocationHelper.java:104)
	at org.testng.internal.Invoker.invokeMethod(Invoker.java:645)
	at org.testng.internal.Invoker.invokeTestMethod(Invoker.java:851)
	at org.testng.internal.Invoker.invokeTestMethods(Invoker.java:1177)
	at org.testng.internal.TestMethodWorker.invokeTestMethods(TestMethodWorker.java:129)
	at org.testng.internal.TestMethodWorker.run(TestMethodWorker.java:112)
	at org.testng.TestRunner.privateRun(TestRunner.java:756)
	at org.testng.TestRunner.run(TestRunner.java:610)
	at org.testng.SuiteRunner.runTest(SuiteRunner.java:387)
	at org.testng.SuiteRunner.runSequentially(SuiteRunner.java:382)
	at org.testng.SuiteRunner.privateRun(SuiteRunner.java:340)
	at org.testng.SuiteRunner.run(SuiteRunner.java:289)
	at org.testng.SuiteRunnerWorker.runSuite(SuiteRunnerWorker.java:52)
	at org.testng.SuiteRunnerWorker.run(SuiteRunnerWorker.java:86)
	at org.testng.TestNG.runSuitesSequentially(TestNG.java:1293)
	at org.testng.TestNG.runSuitesLocally(TestNG.java:1218)
	at org.testng.TestNG.runSuites(TestNG.java:1133)
	at org.testng.TestNG.run(TestNG.java:1104)
	at org.testng.remote.AbstractRemoteTestNG.run(AbstractRemoteTestNG.java:132)
	at org.testng.remote.RemoteTestNG.initAndRun(RemoteTestNG.java:236)
	at org.testng.remote.RemoteTestNG.main(RemoteTestNG.java:81)
</stack-trace>
            </failure>
            <steps/>
            <attachments/>
            <labels>
                <label name="host" value="DESKTOP-T7V4247"/>
                <label name="thread" value="10856@DESKTOP-T7V4247.main(1)"/>
            </labels>
        </test-case>
    </test-cases>
    <labels>
        <label name="framework" value="TestNG"/>
        <label name="language" value="JAVA"/>
    </labels>
</ns2:test-suite>
