<?xml version="1.0" encoding="UTF-8"?>
<testng-results skipped="0" failed="1" total="3" passed="2">
  <reporter-output>
  </reporter-output>
  <suite name="RegressionBootCamp" duration-ms="143301" started-at="2017-04-14T16:39:31Z" finished-at="2017-04-14T16:41:54Z">
    <groups>
    </groups>
    <test name="Regression" duration-ms="143301" started-at="2017-04-14T16:39:31Z" finished-at="2017-04-14T16:41:54Z">
      <class name="com.hotels.bootcamp.qa_autoation_bobby.TestSignIn">
        <test-method status="PASS" signature="initialWebDriver()[pri:0, instance:com.hotels.bootcamp.qa_autoation_bobby.TestSignIn@34b7bfc0]" name="initialWebDriver" is-config="true" duration-ms="13625" started-at="2017-04-14T12:41:31Z" finished-at="2017-04-14T12:41:45Z">
          <reporter-output>
          </reporter-output>
        </test-method> <!-- initialWebDriver -->
        <test-method status="PASS" signature="signIN()[pri:0, instance:com.hotels.bootcamp.qa_autoation_bobby.TestSignIn@34b7bfc0]" name="signIN" duration-ms="2851" started-at="2017-04-14T12:41:45Z" finished-at="2017-04-14T12:41:48Z">
          <reporter-output>
          </reporter-output>
        </test-method> <!-- signIN -->
        <test-method status="PASS" signature="tearDown()[pri:0, instance:com.hotels.bootcamp.qa_autoation_bobby.TestSignIn@34b7bfc0]" name="tearDown" is-config="true" duration-ms="6229" started-at="2017-04-14T12:41:48Z" finished-at="2017-04-14T12:41:54Z">
          <reporter-output>
          </reporter-output>
        </test-method> <!-- tearDown -->
      </class> <!-- com.hotels.bootcamp.qa_autoation_bobby.TestSignIn -->
      <class name="com.hotels.bootcamp.qa_autoation_bobby.TestGiftCard">
        <test-method status="PASS" signature="initialWebDriver()[pri:0, instance:com.hotels.bootcamp.qa_autoation_bobby.TestGiftCard@6537cf78]" name="initialWebDriver" is-config="true" duration-ms="20396" started-at="2017-04-14T12:39:31Z" finished-at="2017-04-14T12:39:51Z">
          <reporter-output>
          </reporter-output>
        </test-method> <!-- initialWebDriver -->
        <test-method status="FAIL" signature="GiftCard()[pri:0, instance:com.hotels.bootcamp.qa_autoation_bobby.TestGiftCard@6537cf78]" name="GiftCard" duration-ms="61254" started-at="2017-04-14T12:39:51Z" finished-at="2017-04-14T12:40:52Z">
          <exception class="org.openqa.selenium.TimeoutException">
            <message>
              <![CDATA[Expected condition failed: Webdriver waited for 15 seconds but still could not find the element therefore Timeout Exception has been thrown (tried for 15 second(s) with 1 SECONDS interval)
Build info: version: '3.0.1', revision: '1969d75', time: '2016-10-18 09:49:13 -0700'
System info: host: 'DESKTOP-T7V4247', ip: '192.168.75.1', os.name: 'Windows 10', os.arch: 'amd64', os.version: '10.0', java.version: '1.8.0_111'
Driver info: driver.version: unknown]]>
            </message>
            <full-stacktrace>
              <![CDATA[org.openqa.selenium.TimeoutException: Expected condition failed: Webdriver waited for 15 seconds but still could not find the element therefore Timeout Exception has been thrown (tried for 15 second(s) with 1 SECONDS interval)
Build info: version: '3.0.1', revision: '1969d75', time: '2016-10-18 09:49:13 -0700'
System info: host: 'DESKTOP-T7V4247', ip: '192.168.75.1', os.name: 'Windows 10', os.arch: 'amd64', os.version: '10.0', java.version: '1.8.0_111'
Driver info: driver.version: unknown
	at org.openqa.selenium.support.ui.FluentWait.timeoutException(FluentWait.java:296)
	at org.openqa.selenium.support.ui.FluentWait.until(FluentWait.java:265)
	at com.hotels.bootcamp.qa_autoation_bobby.BasePage.webDriverFluentWait(BasePage.java:25)
	at com.hotels.bootcamp.qa_autoation_bobby.BasePage.clickOn(BasePage.java:39)
	at com.hotels.bootcamp.qa_autoation_bobby.GiftCardLanding.pickRoom(GiftCardLanding.java:88)
	at com.hotels.bootcamp.qa_autoation_bobby.TestGiftCard.GiftCard(TestGiftCard.java:34)
	at sun.reflect.NativeMethodAccessorImpl.invoke0(Native Method)
	at sun.reflect.NativeMethodAccessorImpl.invoke(NativeMethodAccessorImpl.java:62)
	at sun.reflect.DelegatingMethodAccessorImpl.invoke(DelegatingMethodAccessorImpl.java:43)
	at java.lang.reflect.Method.invoke(Method.java:498)
	at org.testng.internal.MethodInvocationHelper.invokeMethod(MethodInvocationHelper.java:86)
	at org.testng.internal.Invoker.invokeMethod(Invoker.java:643)
	at org.testng.internal.Invoker.invokeTestMethod(Invoker.java:820)
	at org.testng.internal.Invoker.invokeTestMethods(Invoker.java:1128)
	at org.testng.internal.TestMethodWorker.invokeTestMethods(TestMethodWorker.java:129)
	at org.testng.internal.TestMethodWorker.run(TestMethodWorker.java:112)
	at org.testng.TestRunner.privateRun(TestRunner.java:782)
	at org.testng.TestRunner.run(TestRunner.java:632)
	at org.testng.SuiteRunner.runTest(SuiteRunner.java:366)
	at org.testng.SuiteRunner.runSequentially(SuiteRunner.java:361)
	at org.testng.SuiteRunner.privateRun(SuiteRunner.java:319)
	at org.testng.SuiteRunner.run(SuiteRunner.java:268)
	at org.testng.SuiteRunnerWorker.runSuite(SuiteRunnerWorker.java:52)
	at org.testng.SuiteRunnerWorker.run(SuiteRunnerWorker.java:86)
	at org.testng.TestNG.runSuitesSequentially(TestNG.java:1244)
	at org.testng.TestNG.runSuitesLocally(TestNG.java:1169)
	at org.testng.TestNG.run(TestNG.java:1064)
	at org.apache.maven.surefire.testng.TestNGExecutor.run(TestNGExecutor.java:295)
	at org.apache.maven.surefire.testng.TestNGXmlTestSuite.execute(TestNGXmlTestSuite.java:84)
	at org.apache.maven.surefire.testng.TestNGProvider.invoke(TestNGProvider.java:90)
	at org.apache.maven.surefire.booter.ForkedBooter.invokeProviderInSameClassLoader(ForkedBooter.java:203)
	at org.apache.maven.surefire.booter.ForkedBooter.runSuitesInProcess(ForkedBooter.java:155)
	at org.apache.maven.surefire.booter.ForkedBooter.main(ForkedBooter.java:103)
Caused by: org.openqa.selenium.NoSuchElementException: no such element: Unable to locate element: {"method":"xpath","selector":".//*[@id='listings']/ol/li[1]/article/div/div[3]/div[3]/a"}
  (Session info: chrome=57.0.2987.133)
  (Driver info: chromedriver=2.27.440174 (e97a722caafc2d3a8b807ee115bfb307f7d2cfd9),platform=Windows NT 10.0.14393 x86_64) (WARNING: The server did not provide any stacktrace information)
Command duration or timeout: 30.21 seconds
For documentation on this error, please visit: http://seleniumhq.org/exceptions/no_such_element.html
Build info: version: '3.0.1', revision: '1969d75', time: '2016-10-18 09:49:13 -0700'
System info: host: 'DESKTOP-T7V4247', ip: '192.168.75.1', os.name: 'Windows 10', os.arch: 'amd64', os.version: '10.0', java.version: '1.8.0_111'
Driver info: org.openqa.selenium.chrome.ChromeDriver
Capabilities [{applicationCacheEnabled=false, rotatable=false, mobileEmulationEnabled=false, networkConnectionEnabled=false, chrome={chromedriverVersion=2.27.440174 (e97a722caafc2d3a8b807ee115bfb307f7d2cfd9), userDataDir=C:\Users\bobby\AppData\Local\Temp\scoped_dir13408_27319}, takesHeapSnapshot=true, pageLoadStrategy=normal, databaseEnabled=false, handlesAlerts=true, hasTouchScreen=false, version=57.0.2987.133, platform=XP, browserConnectionEnabled=false, nativeEvents=true, acceptSslCerts=true, locationContextEnabled=true, webStorageEnabled=true, browserName=chrome, takesScreenshot=true, javascriptEnabled=true, cssSelectorsEnabled=true, unexpectedAlertBehaviour=}]
Session ID: fd8d9397926042b3f27f4c883bbf33aa
*** Element info: {Using=xpath, value=.//*[@id='listings']/ol/li[1]/article/div/div[3]/div[3]/a}
	at sun.reflect.NativeConstructorAccessorImpl.newInstance0(Native Method)
	at sun.reflect.NativeConstructorAccessorImpl.newInstance(NativeConstructorAccessorImpl.java:62)
	at sun.reflect.DelegatingConstructorAccessorImpl.newInstance(DelegatingConstructorAccessorImpl.java:45)
	at java.lang.reflect.Constructor.newInstance(Constructor.java:423)
	at org.openqa.selenium.remote.ErrorHandler.createThrowable(ErrorHandler.java:216)
	at org.openqa.selenium.remote.ErrorHandler.throwIfResponseFailed(ErrorHandler.java:168)
	at org.openqa.selenium.remote.RemoteWebDriver.execute(RemoteWebDriver.java:635)
	at org.openqa.selenium.remote.RemoteWebDriver.findElement(RemoteWebDriver.java:368)
	at org.openqa.selenium.remote.RemoteWebDriver.findElementByXPath(RemoteWebDriver.java:473)
	at org.openqa.selenium.By$ByXPath.findElement(By.java:361)
	at org.openqa.selenium.remote.RemoteWebDriver.findElement(RemoteWebDriver.java:360)
	at com.hotels.bootcamp.qa_autoation_bobby.BasePage$1.apply(BasePage.java:27)
	at com.hotels.bootcamp.qa_autoation_bobby.BasePage$1.apply(BasePage.java:1)
	at org.openqa.selenium.support.ui.FluentWait.until(FluentWait.java:238)
	... 31 more
]]>
            </full-stacktrace>
          </exception> <!-- org.openqa.selenium.TimeoutException -->
          <reporter-output>
          </reporter-output>
        </test-method> <!-- GiftCard -->
        <test-method status="PASS" signature="tearDown()[pri:0, instance:com.hotels.bootcamp.qa_autoation_bobby.TestGiftCard@6537cf78]" name="tearDown" is-config="true" duration-ms="5679" started-at="2017-04-14T12:40:52Z" finished-at="2017-04-14T12:40:58Z">
          <reporter-output>
          </reporter-output>
        </test-method> <!-- tearDown -->
      </class> <!-- com.hotels.bootcamp.qa_autoation_bobby.TestGiftCard -->
      <class name="com.hotels.bootcamp.qa_autoation_bobby.TestDEMO">
        <test-method status="PASS" signature="initialWebDriver()[pri:0, instance:com.hotels.bootcamp.qa_autoation_bobby.TestDEMO@67b6d4ae]" name="initialWebDriver" is-config="true" duration-ms="24601" started-at="2017-04-14T12:40:58Z" finished-at="2017-04-14T12:41:23Z">
          <reporter-output>
          </reporter-output>
        </test-method> <!-- initialWebDriver -->
        <test-method status="PASS" signature="testSupport()[pri:0, instance:com.hotels.bootcamp.qa_autoation_bobby.TestDEMO@67b6d4ae]" name="testSupport" duration-ms="6608" started-at="2017-04-14T12:41:23Z" finished-at="2017-04-14T12:41:29Z">
          <reporter-output>
          </reporter-output>
        </test-method> <!-- testSupport -->
        <test-method status="PASS" signature="tearDown()[pri:0, instance:com.hotels.bootcamp.qa_autoation_bobby.TestDEMO@67b6d4ae]" name="tearDown" is-config="true" duration-ms="1673" started-at="2017-04-14T12:41:29Z" finished-at="2017-04-14T12:41:31Z">
          <reporter-output>
          </reporter-output>
        </test-method> <!-- tearDown -->
      </class> <!-- com.hotels.bootcamp.qa_autoation_bobby.TestDEMO -->
    </test> <!-- Regression -->
  </suite> <!-- RegressionBootCamp -->
</testng-results>
