{
  "uid" : "521f938bd1a36baa",
  "name" : "GiftCard",
  "title" : "Gift card",
  "time" : {
    "start" : 1492127390000,
    "stop" : 1492127430732,
    "duration" : 40732
  },
  "summary" : {
    "attachments" : 0,
    "steps" : 0
  },
  "failure" : {
    "message" : "TimeoutException: Expected condition failed: Webdriver waited for 15 seconds but still could not find the element therefore Timeout Exception has been thrown (tried for 15 second(s) with 1 SECONDS interval)\nBuild info: version: '3.0.1', revision: '1969d75', time: '2016-10-18 09:49:13 -0700'\nSystem info: host: 'DESKTOP-T7V4247', ip: '192.168.75.1', os.name: 'Windows 10', os.arch: 'amd64', os.version: '10.0', java.version: '1.8.0_111'\nDriver info: driver.version: unknown",
    "stackTrace" : "org.openqa.selenium.TimeoutException: Expected condition failed: Webdriver waited for 15 seconds but still could not find the element therefore Timeout Exception has been thrown (tried for 15 second(s) with 1 SECONDS interval)\nBuild info: version: '3.0.1', revision: '1969d75', time: '2016-10-18 09:49:13 -0700'\nSystem info: host: 'DESKTOP-T7V4247', ip: '192.168.75.1', os.name: 'Windows 10', os.arch: 'amd64', os.version: '10.0', java.version: '1.8.0_111'\nDriver info: driver.version: unknown\n\tat org.openqa.selenium.support.ui.FluentWait.timeoutException(FluentWait.java:296)\n\tat org.openqa.selenium.support.ui.FluentWait.until(FluentWait.java:265)\n\tat com.hotels.bootcamp.qa_autoation_bobby.BasePage.webDriverFluentWait(BasePage.java:25)\n\tat com.hotels.bootcamp.qa_autoation_bobby.BasePage.clickOn(BasePage.java:39)\n\tat com.hotels.bootcamp.qa_autoation_bobby.GiftCardLanding.pickRoom(GiftCardLanding.java:88)\n\tat com.hotels.bootcamp.qa_autoation_bobby.TestGiftCard.GiftCard(TestGiftCard.java:34)\n\tat sun.reflect.NativeMethodAccessorImpl.invoke0(Native Method)\n\tat sun.reflect.NativeMethodAccessorImpl.invoke(Unknown Source)\n\tat sun.reflect.DelegatingMethodAccessorImpl.invoke(Unknown Source)\n\tat java.lang.reflect.Method.invoke(Unknown Source)\n\tat org.testng.internal.MethodInvocationHelper.invokeMethod(MethodInvocationHelper.java:86)\n\tat org.testng.internal.Invoker.invokeMethod(Invoker.java:643)\n\tat org.testng.internal.Invoker.invokeTestMethod(Invoker.java:820)\n\tat org.testng.internal.Invoker.invokeTestMethods(Invoker.java:1128)\n\tat org.testng.internal.TestMethodWorker.invokeTestMethods(TestMethodWorker.java:129)\n\tat org.testng.internal.TestMethodWorker.run(TestMethodWorker.java:112)\n\tat org.testng.TestRunner.privateRun(TestRunner.java:782)\n\tat org.testng.TestRunner.run(TestRunner.java:632)\n\tat org.testng.SuiteRunner.runTest(SuiteRunner.java:366)\n\tat org.testng.SuiteRunner.runSequentially(SuiteRunner.java:361)\n\tat org.testng.SuiteRunner.privateRun(SuiteRunner.java:319)\n\tat org.testng.SuiteRunner.run(SuiteRunner.java:268)\n\tat org.testng.SuiteRunnerWorker.runSuite(SuiteRunnerWorker.java:52)\n\tat org.testng.SuiteRunnerWorker.run(SuiteRunnerWorker.java:86)\n\tat org.testng.TestNG.runSuitesSequentially(TestNG.java:1244)\n\tat org.testng.TestNG.runSuitesLocally(TestNG.java:1169)\n\tat org.testng.TestNG.run(TestNG.java:1064)\n\tat org.apache.maven.surefire.testng.TestNGExecutor.run(TestNGExecutor.java:295)\n\tat org.apache.maven.surefire.testng.TestNGXmlTestSuite.execute(TestNGXmlTestSuite.java:84)\n\tat org.apache.maven.surefire.testng.TestNGProvider.invoke(TestNGProvider.java:90)\n\tat org.apache.maven.surefire.booter.ForkedBooter.invokeProviderInSameClassLoader(ForkedBooter.java:203)\n\tat org.apache.maven.surefire.booter.ForkedBooter.runSuitesInProcess(ForkedBooter.java:155)\n\tat org.apache.maven.surefire.booter.ForkedBooter.main(ForkedBooter.java:103)\nCaused by: org.openqa.selenium.NoSuchElementException: no such element: Unable to locate element: {\"method\":\"xpath\",\"selector\":\".//*[@id='listings']/ol/li[1]/article/div/div[3]/div[3]/a\"}\n  (Session info: chrome=57.0.2987.133)\n  (Driver info: chromedriver=2.27.440174 (e97a722caafc2d3a8b807ee115bfb307f7d2cfd9),platform=Windows NT 10.0.14393 x86_64) (WARNING: The server did not provide any stacktrace information)\nCommand duration or timeout: 30.12 seconds\nFor documentation on this error, please visit: http://seleniumhq.org/exceptions/no_such_element.html\nBuild info: version: '3.0.1', revision: '1969d75', time: '2016-10-18 09:49:13 -0700'\nSystem info: host: 'DESKTOP-T7V4247', ip: '192.168.75.1', os.name: 'Windows 10', os.arch: 'amd64', os.version: '10.0', java.version: '1.8.0_111'\nDriver info: org.openqa.selenium.chrome.ChromeDriver\nCapabilities [{applicationCacheEnabled=false, rotatable=false, mobileEmulationEnabled=false, networkConnectionEnabled=false, chrome={chromedriverVersion=2.27.440174 (e97a722caafc2d3a8b807ee115bfb307f7d2cfd9), userDataDir=C:\\Users\\bobby\\AppData\\Local\\Temp\\scoped_dir11044_5264}, takesHeapSnapshot=true, pageLoadStrategy=normal, databaseEnabled=false, handlesAlerts=true, hasTouchScreen=false, version=57.0.2987.133, platform=XP, browserConnectionEnabled=false, nativeEvents=true, acceptSslCerts=true, locationContextEnabled=true, webStorageEnabled=true, browserName=chrome, takesScreenshot=true, javascriptEnabled=true, cssSelectorsEnabled=true, unexpectedAlertBehaviour=}]\nSession ID: 3ac0ea78decdbdea742976876d1dc177\n*** Element info: {Using=xpath, value=.//*[@id='listings']/ol/li[1]/article/div/div[3]/div[3]/a}\n\tat sun.reflect.NativeConstructorAccessorImpl.newInstance0(Native Method)\n\tat sun.reflect.NativeConstructorAccessorImpl.newInstance(Unknown Source)\n\tat sun.reflect.DelegatingConstructorAccessorImpl.newInstance(Unknown Source)\n\tat java.lang.reflect.Constructor.newInstance(Unknown Source)\n\tat org.openqa.selenium.remote.ErrorHandler.createThrowable(ErrorHandler.java:216)\n\tat org.openqa.selenium.remote.ErrorHandler.throwIfResponseFailed(ErrorHandler.java:168)\n\tat org.openqa.selenium.remote.RemoteWebDriver.execute(RemoteWebDriver.java:635)\n\tat org.openqa.selenium.remote.RemoteWebDriver.findElement(RemoteWebDriver.java:368)\n\tat org.openqa.selenium.remote.RemoteWebDriver.findElementByXPath(RemoteWebDriver.java:473)\n\tat org.openqa.selenium.By$ByXPath.findElement(By.java:361)\n\tat org.openqa.selenium.remote.RemoteWebDriver.findElement(RemoteWebDriver.java:360)\n\tat com.hotels.bootcamp.qa_autoation_bobby.BasePage$1.apply(BasePage.java:27)\n\tat com.hotels.bootcamp.qa_autoation_bobby.BasePage$1.apply(BasePage.java:25)\n\tat org.openqa.selenium.support.ui.FluentWait.until(FluentWait.java:238)\n\t... 31 more\n"
  },
  "description" : null,
  "severity" : "NORMAL",
  "status" : "BROKEN",
  "testId" : null,
  "suite" : {
    "uid" : "dbb6c85632adbe5d",
    "name" : "RegressionBootCamp : Regression",
    "title" : "RegressionBootCamp : Regression"
  },
  "steps" : [ ],
  "attachments" : [ ],
  "issues" : [ ],
  "labels" : [ {
    "name" : "host",
    "value" : "DESKTOP-T7V4247"
  }, {
    "name" : "thread",
    "value" : "3984@DESKTOP-T7V4247.main(1)"
  }, {
    "name" : "suite-name",
    "value" : "RegressionBootCamp : Regression"
  }, {
    "name" : "suite-title",
    "value" : "RegressionBootCamp : Regression"
  }, {
    "name" : "framework",
    "value" : "TestNG"
  }, {
    "name" : "language",
    "value" : "JAVA"
  } ],
  "parameters" : [ ]
}