{
  "uid" : "9f65bb12ba8f5783",
  "name" : "cardInfo",
  "title" : "Card info",
  "time" : {
    "start" : 1492186472473,
    "stop" : 1492186496120,
    "duration" : 23647
  },
  "summary" : {
    "attachments" : 0,
    "steps" : 0
  },
  "failure" : {
    "message" : "WebDriverException: unknown error: Element <button type=\"submit\" class=\"cta etp-overlay-trigger\" data-etp-interstitial-data-id=\"etpInterstitials.room-1-rateplan-1\" data-etp-booking-params-data-id=\"bookingParams.room-1-rateplan-1\">...</button> is not clickable at point (942, 589). Other element would receive the click: <div class=\"map-widget\" style=\"background-image:url('https://maps-api-ssl.google.com/maps/api/staticmap?center=40.761527,-73.988162&amp;zoom=13&amp;size=340x160&amp;format=jpg&amp;sensor=false&amp;channel=hotels.com-web.desktop.property.description&amp;client=gme-expedia&amp;signature=7l3b-U0jL_z22vE6WTXaH4t1GjI=')\"></div>\n  (Session info: chrome=57.0.2987.133)\n  (Driver info: chromedriver=2.27.440174 (e97a722caafc2d3a8b807ee115bfb307f7d2cfd9),platform=Windows NT 10.0.14393 x86_64) (WARNING: The server did not provide any stacktrace information)\nCommand duration or timeout: 102 milliseconds\nBuild info: version: '3.0.1', revision: '1969d75', time: '2016-10-18 09:49:13 -0700'\nSystem info: host: 'DESKTOP-T7V4247', ip: '192.168.75.1', os.name: 'Windows 10', os.arch: 'amd64', os.version: '10.0', java.version: '1.8.0_111'\nDriver info: org.openqa.selenium.chrome.ChromeDriver\nCapabilities [{applicationCacheEnabled=false, rotatable=false, mobileEmulationEnabled=false, networkConnectionEnabled=false, chrome={chromedriverVersion=2.27.440174 (e97a722caafc2d3a8b807ee115bfb307f7d2cfd9), userDataDir=C:\\Users\\bobby\\AppData\\Local\\Temp\\scoped_dir11472_1621}, takesHeapSnapshot=true, pageLoadStrategy=normal, databaseEnabled=false, handlesAlerts=true, hasTouchScreen=false, version=57.0.2987.133, platform=XP, browserConnectionEnabled=false, nativeEvents=true, acceptSslCerts=true, locationContextEnabled=true, webStorageEnabled=true, browserName=chrome, takesScreenshot=true, javascriptEnabled=true, cssSelectorsEnabled=true, unexpectedAlertBehaviour=}]\nSession ID: 40404a075ecfd752fd8a3f7022c77e69",
    "stackTrace" : "org.openqa.selenium.WebDriverException: unknown error: Element <button type=\"submit\" class=\"cta etp-overlay-trigger\" data-etp-interstitial-data-id=\"etpInterstitials.room-1-rateplan-1\" data-etp-booking-params-data-id=\"bookingParams.room-1-rateplan-1\">...</button> is not clickable at point (942, 589). Other element would receive the click: <div class=\"map-widget\" style=\"background-image:url('https://maps-api-ssl.google.com/maps/api/staticmap?center=40.761527,-73.988162&amp;zoom=13&amp;size=340x160&amp;format=jpg&amp;sensor=false&amp;channel=hotels.com-web.desktop.property.description&amp;client=gme-expedia&amp;signature=7l3b-U0jL_z22vE6WTXaH4t1GjI=')\"></div>\n  (Session info: chrome=57.0.2987.133)\n  (Driver info: chromedriver=2.27.440174 (e97a722caafc2d3a8b807ee115bfb307f7d2cfd9),platform=Windows NT 10.0.14393 x86_64) (WARNING: The server did not provide any stacktrace information)\nCommand duration or timeout: 102 milliseconds\nBuild info: version: '3.0.1', revision: '1969d75', time: '2016-10-18 09:49:13 -0700'\nSystem info: host: 'DESKTOP-T7V4247', ip: '192.168.75.1', os.name: 'Windows 10', os.arch: 'amd64', os.version: '10.0', java.version: '1.8.0_111'\nDriver info: org.openqa.selenium.chrome.ChromeDriver\nCapabilities [{applicationCacheEnabled=false, rotatable=false, mobileEmulationEnabled=false, networkConnectionEnabled=false, chrome={chromedriverVersion=2.27.440174 (e97a722caafc2d3a8b807ee115bfb307f7d2cfd9), userDataDir=C:\\Users\\bobby\\AppData\\Local\\Temp\\scoped_dir11472_1621}, takesHeapSnapshot=true, pageLoadStrategy=normal, databaseEnabled=false, handlesAlerts=true, hasTouchScreen=false, version=57.0.2987.133, platform=XP, browserConnectionEnabled=false, nativeEvents=true, acceptSslCerts=true, locationContextEnabled=true, webStorageEnabled=true, browserName=chrome, takesScreenshot=true, javascriptEnabled=true, cssSelectorsEnabled=true, unexpectedAlertBehaviour=}]\nSession ID: 40404a075ecfd752fd8a3f7022c77e69\n\tat sun.reflect.NativeConstructorAccessorImpl.newInstance0(Native Method)\n\tat sun.reflect.NativeConstructorAccessorImpl.newInstance(Unknown Source)\n\tat sun.reflect.DelegatingConstructorAccessorImpl.newInstance(Unknown Source)\n\tat java.lang.reflect.Constructor.newInstance(Unknown Source)\n\tat org.openqa.selenium.remote.ErrorHandler.createThrowable(ErrorHandler.java:216)\n\tat org.openqa.selenium.remote.ErrorHandler.throwIfResponseFailed(ErrorHandler.java:168)\n\tat org.openqa.selenium.remote.RemoteWebDriver.execute(RemoteWebDriver.java:635)\n\tat org.openqa.selenium.remote.RemoteWebElement.execute(RemoteWebElement.java:274)\n\tat org.openqa.selenium.remote.RemoteWebElement.click(RemoteWebElement.java:84)\n\tat com.hotels.bootcamp.qa_autoation_bobby.BasePage.clickOn(BasePage.java:39)\n\tat com.hotels.bootcamp.qa_autoation_bobby.NewLandingPage.clickStuff(NewLandingPage.java:19)\n\tat com.hotels.bootcamp.qa_autoation_bobby.TestCardNumberandPin.cardInfo(TestCardNumberandPin.java:41)\n\tat sun.reflect.NativeMethodAccessorImpl.invoke0(Native Method)\n\tat sun.reflect.NativeMethodAccessorImpl.invoke(Unknown Source)\n\tat sun.reflect.DelegatingMethodAccessorImpl.invoke(Unknown Source)\n\tat java.lang.reflect.Method.invoke(Unknown Source)\n\tat org.testng.internal.MethodInvocationHelper.invokeMethod(MethodInvocationHelper.java:104)\n\tat org.testng.internal.Invoker.invokeMethod(Invoker.java:645)\n\tat org.testng.internal.Invoker.invokeTestMethod(Invoker.java:851)\n\tat org.testng.internal.Invoker.invokeTestMethods(Invoker.java:1177)\n\tat org.testng.internal.TestMethodWorker.invokeTestMethods(TestMethodWorker.java:129)\n\tat org.testng.internal.TestMethodWorker.run(TestMethodWorker.java:112)\n\tat org.testng.TestRunner.privateRun(TestRunner.java:756)\n\tat org.testng.TestRunner.run(TestRunner.java:610)\n\tat org.testng.SuiteRunner.runTest(SuiteRunner.java:387)\n\tat org.testng.SuiteRunner.runSequentially(SuiteRunner.java:382)\n\tat org.testng.SuiteRunner.privateRun(SuiteRunner.java:340)\n\tat org.testng.SuiteRunner.run(SuiteRunner.java:289)\n\tat org.testng.SuiteRunnerWorker.runSuite(SuiteRunnerWorker.java:52)\n\tat org.testng.SuiteRunnerWorker.run(SuiteRunnerWorker.java:86)\n\tat org.testng.TestNG.runSuitesSequentially(TestNG.java:1293)\n\tat org.testng.TestNG.runSuitesLocally(TestNG.java:1218)\n\tat org.testng.TestNG.runSuites(TestNG.java:1133)\n\tat org.testng.TestNG.run(TestNG.java:1104)\n\tat org.testng.remote.AbstractRemoteTestNG.run(AbstractRemoteTestNG.java:132)\n\tat org.testng.remote.RemoteTestNG.initAndRun(RemoteTestNG.java:236)\n\tat org.testng.remote.RemoteTestNG.main(RemoteTestNG.java:81)\n"
  },
  "description" : null,
  "severity" : "NORMAL",
  "status" : "BROKEN",
  "testId" : null,
  "suite" : {
    "uid" : "8152dc8420e35690",
    "name" : "Default suite : Default test",
    "title" : "Default suite : Default test"
  },
  "steps" : [ ],
  "attachments" : [ ],
  "issues" : [ ],
  "labels" : [ {
    "name" : "host",
    "value" : "DESKTOP-T7V4247"
  }, {
    "name" : "thread",
    "value" : "13260@DESKTOP-T7V4247.main(1)"
  }, {
    "name" : "suite-name",
    "value" : "Default suite : Default test"
  }, {
    "name" : "suite-title",
    "value" : "Default suite : Default test"
  }, {
    "name" : "framework",
    "value" : "TestNG"
  }, {
    "name" : "language",
    "value" : "JAVA"
  } ],
  "parameters" : [ ]
}