{
  "defectsList" : [ {
    "title" : "Product defects",
    "status" : "FAILED",
    "defects" : [ ]
  }, {
    "title" : "Test defects",
    "status" : "BROKEN",
    "defects" : [ {
      "uid" : "fb926b2349a87dd2",
      "failure" : {
        "message" : "WebDriverException: unknown error: Element <a class=\"cta\" href=\"/travelads/trackredirect.html?trackingUrl=H4sIAAAAAAAAAD2Lx46jWAAA_6YvjJucRmqtwORoAzbYN-CRTOYBNu_rd3YOeyqpSlWv6wR_4_i6pHvRpQB-1x0slr34zscej_5aCcDwj2ryAt9p3BjXooP_p3PX5O0_f_a8bYZKSdf059xPp1W0HvYKlpaWirSx2tdnjfIpi6kPaXGaquLb8yPUNvuOH-o7vQRDX6p32vRCuoYTj6mwjg4JcqpIklLw_oB5pPKhJvjdMG2tdArVqzUulmsebJQvmYogd4SK3y5pSXVk65bnaU5mbfV9xnnlIBiNfHGvmVCLLw3Pyi6WYaWfK6nnMptrlua2TNtdGb10Z1tnkt2gkszkbTPdoLT6uiaEToqISzw58J2JDLFixcIR3wU_vVPrzswIzWFNu1Gx628BbaizJDcuL815e7SJrbCt-6YXG6ltfGlJSrmGCnS75Vnzmw7SafSrT87CByy04TXhfV0E0WPE4S4jzcBhMszb4tRZYT5w3n06Dxd_lp17vJ1oyEk2oOsI6E2pKdqIG93g6_vjlQio6mIUA8L8dDn7om8-uwdGr0SkGORvyO0ITDTH73vDfzg2lT-mWVn30EhmNmDtyU0i5Z42bddPxyrQJkJYCxPzodsj64TZ3R84B0uHZH8YxCJgSR6Vrfm53T9M1kiVOetBim7HFd4cZZbfRKh55yB0L2Iu33s8e2MLSMxb-Ykvw2bPFUo4nZZeHq0UNFu3BPbg1efFub1AeMR7yAUHORWMZngodB0_QozFUbjmuvKZt1MdIjas0YvB2VnRLZ1vS7U6WBIn8cHnS9_VNJaas0OrZYdBtLkSshPdOSy42tZywMsmSA-FEzwq6G0ZmCQ1R1GKsutmc100ag7YGDyfRu--93OrPQf4VLQBXishju4CtZjJg6fffvzSZMVqpUvXX9vMxpjnIXUu-vPkVFnJu2BjZU4Y4uAvlbI1T9aq2lsZYmflruEoNSZPWKyWyCxRTcmrQqmbFDP9Vc3Dwmwx0MZNN49ziD7c0Vmg-bQSIuCoeIe8ecu6v7jLvMjMdBVHIG_acBELGQkpJx-1drzSiN0OZAW7s7t64207rOpzCzGNe1_CGogMVMTn5p0zvL32ZCIdldBkSymDK5ElwXhtb0S9P1GZS-qSM74gz5OKxzFKNnyud4ZCJWeI7FKQqamVT9-e5a8lHdof8mst4HovFtiMg78Xy9KA4ofkef6b_UXxIv9N_qJEQvwmftEE9xc8zf8BQxHEf2BY7pv4ytMBNCBdC6PXtwb88KRYZAwgTzSTEicG0OUp48rylOZMwRN5ygMx-8qKNB8HE8KtAD8UQfIngjmRTERyvwn-N8F8GXDJa1P5IUVACiwDThyVcSeGJsBJFMrixOU5wdAiTRO5-C9IVtQ1JwUAAA..&amp;targetUrl=H4sIAAAAAAAAAEWNwQ6CMBBE_2ZvKy1g0MPGi8jJeMBE8VbbJjQWCmX5fxsT9TKZvMzLZH1g6zNjWTm_bHoe_GFG3Vv9wrAy5UJWKErMJXyxG39UlnC71LRNeUw5YwxhQJGGzptoRxIwKZLA6knGLjq6iV0Y4XOKzpAsxW5f_EVlVs8L5dA1pySfmytV8GjvqbddTcUbuK2jBK8AAAA.\" target=\"_blank\">...</a> is not clickable at point (916, 572). Other element would receive the click: <p>...</p>\n  (Session info: chrome=57.0.2987.133)\n  (Driver info: chromedriver=2.27.440174 (e97a722caafc2d3a8b807ee115bfb307f7d2cfd9),platform=Windows NT 10.0.14393 x86_64) (WARNING: The server did not provide any stacktrace information)\nCommand duration or timeout: 66 milliseconds\nBuild info: version: '3.0.1', revision: '1969d75', time: '2016-10-18 09:49:13 -0700'\nSystem info: host: 'DESKTOP-T7V4247', ip: '192.168.75.1', os.name: 'Windows 10', os.arch: 'amd64', os.version: '10.0', java.version: '1.8.0_111'\nDriver info: org.openqa.selenium.chrome.ChromeDriver\nCapabilities [{applicationCacheEnabled=false, rotatable=false, mobileEmulationEnabled=false, networkConnectionEnabled=false, chrome={chromedriverVersion=2.27.440174 (e97a722caafc2d3a8b807ee115bfb307f7d2cfd9), userDataDir=C:\\Users\\bobby\\AppData\\Local\\Temp\\scoped_dir12536_18816}, takesHeapSnapshot=true, pageLoadStrategy=normal, databaseEnabled=false, handlesAlerts=true, hasTouchScreen=false, version=57.0.2987.133, platform=XP, browserConnectionEnabled=false, nativeEvents=true, acceptSslCerts=true, locationContextEnabled=true, webStorageEnabled=true, browserName=chrome, takesScreenshot=true, javascriptEnabled=true, cssSelectorsEnabled=true, unexpectedAlertBehaviour=}]\nSession ID: 5aa5a8ccc7d3adab0bb9b6cd8004c192",
        "stackTrace" : "org.openqa.selenium.WebDriverException: unknown error: Element <a class=\"cta\" href=\"/travelads/trackredirect.html?trackingUrl=H4sIAAAAAAAAAD2Lx46jWAAA_6YvjJucRmqtwORoAzbYN-CRTOYBNu_rd3YOeyqpSlWv6wR_4_i6pHvRpQB-1x0slr34zscej_5aCcDwj2ryAt9p3BjXooP_p3PX5O0_f_a8bYZKSdf059xPp1W0HvYKlpaWirSx2tdnjfIpi6kPaXGaquLb8yPUNvuOH-o7vQRDX6p32vRCuoYTj6mwjg4JcqpIklLw_oB5pPKhJvjdMG2tdArVqzUulmsebJQvmYogd4SK3y5pSXVk65bnaU5mbfV9xnnlIBiNfHGvmVCLLw3Pyi6WYaWfK6nnMptrlua2TNtdGb10Z1tnkt2gkszkbTPdoLT6uiaEToqISzw58J2JDLFixcIR3wU_vVPrzswIzWFNu1Gx628BbaizJDcuL815e7SJrbCt-6YXG6ltfGlJSrmGCnS75Vnzmw7SafSrT87CByy04TXhfV0E0WPE4S4jzcBhMszb4tRZYT5w3n06Dxd_lp17vJ1oyEk2oOsI6E2pKdqIG93g6_vjlQio6mIUA8L8dDn7om8-uwdGr0SkGORvyO0ITDTH73vDfzg2lT-mWVn30EhmNmDtyU0i5Z42bddPxyrQJkJYCxPzodsj64TZ3R84B0uHZH8YxCJgSR6Vrfm53T9M1kiVOetBim7HFd4cZZbfRKh55yB0L2Iu33s8e2MLSMxb-Ykvw2bPFUo4nZZeHq0UNFu3BPbg1efFub1AeMR7yAUHORWMZngodB0_QozFUbjmuvKZt1MdIjas0YvB2VnRLZ1vS7U6WBIn8cHnS9_VNJaas0OrZYdBtLkSshPdOSy42tZywMsmSA-FEzwq6G0ZmCQ1R1GKsutmc100ag7YGDyfRu--93OrPQf4VLQBXishju4CtZjJg6fffvzSZMVqpUvXX9vMxpjnIXUu-vPkVFnJu2BjZU4Y4uAvlbI1T9aq2lsZYmflruEoNSZPWKyWyCxRTcmrQqmbFDP9Vc3Dwmwx0MZNN49ziD7c0Vmg-bQSIuCoeIe8ecu6v7jLvMjMdBVHIG_acBELGQkpJx-1drzSiN0OZAW7s7t64207rOpzCzGNe1_CGogMVMTn5p0zvL32ZCIdldBkSymDK5ElwXhtb0S9P1GZS-qSM74gz5OKxzFKNnyud4ZCJWeI7FKQqamVT9-e5a8lHdof8mst4HovFtiMg78Xy9KA4ofkef6b_UXxIv9N_qJEQvwmftEE9xc8zf8BQxHEf2BY7pv4ytMBNCBdC6PXtwb88KRYZAwgTzSTEicG0OUp48rylOZMwRN5ygMx-8qKNB8HE8KtAD8UQfIngjmRTERyvwn-N8F8GXDJa1P5IUVACiwDThyVcSeGJsBJFMrixOU5wdAiTRO5-C9IVtQ1JwUAAA..&amp;targetUrl=H4sIAAAAAAAAAEWNwQ6CMBBE_2ZvKy1g0MPGi8jJeMBE8VbbJjQWCmX5fxsT9TKZvMzLZH1g6zNjWTm_bHoe_GFG3Vv9wrAy5UJWKErMJXyxG39UlnC71LRNeUw5YwxhQJGGzptoRxIwKZLA6knGLjq6iV0Y4XOKzpAsxW5f_EVlVs8L5dA1pySfmytV8GjvqbddTcUbuK2jBK8AAAA.\" target=\"_blank\">...</a> is not clickable at point (916, 572). Other element would receive the click: <p>...</p>\n  (Session info: chrome=57.0.2987.133)\n  (Driver info: chromedriver=2.27.440174 (e97a722caafc2d3a8b807ee115bfb307f7d2cfd9),platform=Windows NT 10.0.14393 x86_64) (WARNING: The server did not provide any stacktrace information)\nCommand duration or timeout: 66 milliseconds\nBuild info: version: '3.0.1', revision: '1969d75', time: '2016-10-18 09:49:13 -0700'\nSystem info: host: 'DESKTOP-T7V4247', ip: '192.168.75.1', os.name: 'Windows 10', os.arch: 'amd64', os.version: '10.0', java.version: '1.8.0_111'\nDriver info: org.openqa.selenium.chrome.ChromeDriver\nCapabilities [{applicationCacheEnabled=false, rotatable=false, mobileEmulationEnabled=false, networkConnectionEnabled=false, chrome={chromedriverVersion=2.27.440174 (e97a722caafc2d3a8b807ee115bfb307f7d2cfd9), userDataDir=C:\\Users\\bobby\\AppData\\Local\\Temp\\scoped_dir12536_18816}, takesHeapSnapshot=true, pageLoadStrategy=normal, databaseEnabled=false, handlesAlerts=true, hasTouchScreen=false, version=57.0.2987.133, platform=XP, browserConnectionEnabled=false, nativeEvents=true, acceptSslCerts=true, locationContextEnabled=true, webStorageEnabled=true, browserName=chrome, takesScreenshot=true, javascriptEnabled=true, cssSelectorsEnabled=true, unexpectedAlertBehaviour=}]\nSession ID: 5aa5a8ccc7d3adab0bb9b6cd8004c192\n\tat sun.reflect.NativeConstructorAccessorImpl.newInstance0(Native Method)\n\tat sun.reflect.NativeConstructorAccessorImpl.newInstance(Unknown Source)\n\tat sun.reflect.DelegatingConstructorAccessorImpl.newInstance(Unknown Source)\n\tat java.lang.reflect.Constructor.newInstance(Unknown Source)\n\tat org.openqa.selenium.remote.ErrorHandler.createThrowable(ErrorHandler.java:216)\n\tat org.openqa.selenium.remote.ErrorHandler.throwIfResponseFailed(ErrorHandler.java:168)\n\tat org.openqa.selenium.remote.RemoteWebDriver.execute(RemoteWebDriver.java:635)\n\tat org.openqa.selenium.remote.RemoteWebElement.execute(RemoteWebElement.java:274)\n\tat org.openqa.selenium.remote.RemoteWebElement.click(RemoteWebElement.java:84)\n\tat com.hotels.bootcamp.qa_autoation_bobby.BasePage.clickOn(BasePage.java:39)\n\tat com.hotels.bootcamp.qa_autoation_bobby.NewLandingPage.clickStuff(NewLandingPage.java:19)\n\tat com.hotels.bootcamp.qa_autoation_bobby.TestCardNumberandPin.cardInfo(TestCardNumberandPin.java:33)\n\tat sun.reflect.NativeMethodAccessorImpl.invoke0(Native Method)\n\tat sun.reflect.NativeMethodAccessorImpl.invoke(Unknown Source)\n\tat sun.reflect.DelegatingMethodAccessorImpl.invoke(Unknown Source)\n\tat java.lang.reflect.Method.invoke(Unknown Source)\n\tat org.testng.internal.MethodInvocationHelper.invokeMethod(MethodInvocationHelper.java:104)\n\tat org.testng.internal.Invoker.invokeMethod(Invoker.java:645)\n\tat org.testng.internal.Invoker.invokeTestMethod(Invoker.java:851)\n\tat org.testng.internal.Invoker.invokeTestMethods(Invoker.java:1177)\n\tat org.testng.internal.TestMethodWorker.invokeTestMethods(TestMethodWorker.java:129)\n\tat org.testng.internal.TestMethodWorker.run(TestMethodWorker.java:112)\n\tat org.testng.TestRunner.privateRun(TestRunner.java:756)\n\tat org.testng.TestRunner.run(TestRunner.java:610)\n\tat org.testng.SuiteRunner.runTest(SuiteRunner.java:387)\n\tat org.testng.SuiteRunner.runSequentially(SuiteRunner.java:382)\n\tat org.testng.SuiteRunner.privateRun(SuiteRunner.java:340)\n\tat org.testng.SuiteRunner.run(SuiteRunner.java:289)\n\tat org.testng.SuiteRunnerWorker.runSuite(SuiteRunnerWorker.java:52)\n\tat org.testng.SuiteRunnerWorker.run(SuiteRunnerWorker.java:86)\n\tat org.testng.TestNG.runSuitesSequentially(TestNG.java:1293)\n\tat org.testng.TestNG.runSuitesLocally(TestNG.java:1218)\n\tat org.testng.TestNG.runSuites(TestNG.java:1133)\n\tat org.testng.TestNG.run(TestNG.java:1104)\n\tat org.testng.remote.AbstractRemoteTestNG.run(AbstractRemoteTestNG.java:132)\n\tat org.testng.remote.RemoteTestNG.initAndRun(RemoteTestNG.java:236)\n\tat org.testng.remote.RemoteTestNG.main(RemoteTestNG.java:81)\n"
      },
      "testCases" : [ {
        "uid" : "db0cfe10da9ca292",
        "name" : "cardInfo",
        "title" : "Card info",
        "time" : {
          "start" : 1492186001731,
          "stop" : 1492186021078,
          "duration" : 19347
        },
        "severity" : "NORMAL",
        "status" : "BROKEN"
      } ]
    }, {
      "uid" : "c4930022486797fd",
      "failure" : {
        "message" : "TimeoutException: Expected condition failed: Webdriver waited for 15 seconds but still could not find the element therefore Timeout Exception has been thrown (tried for 15 second(s) with 1 SECONDS interval)\nBuild info: version: '3.0.1', revision: '1969d75', time: '2016-10-18 09:49:13 -0700'\nSystem info: host: 'DESKTOP-T7V4247', ip: '192.168.75.1', os.name: 'Windows 10', os.arch: 'amd64', os.version: '10.0', java.version: '1.8.0_111'\nDriver info: driver.version: unknown",
        "stackTrace" : "org.openqa.selenium.TimeoutException: Expected condition failed: Webdriver waited for 15 seconds but still could not find the element therefore Timeout Exception has been thrown (tried for 15 second(s) with 1 SECONDS interval)\nBuild info: version: '3.0.1', revision: '1969d75', time: '2016-10-18 09:49:13 -0700'\nSystem info: host: 'DESKTOP-T7V4247', ip: '192.168.75.1', os.name: 'Windows 10', os.arch: 'amd64', os.version: '10.0', java.version: '1.8.0_111'\nDriver info: driver.version: unknown\n\tat org.openqa.selenium.support.ui.FluentWait.timeoutException(FluentWait.java:296)\n\tat org.openqa.selenium.support.ui.FluentWait.until(FluentWait.java:265)\n\tat com.hotels.bootcamp.qa_autoation_bobby.BasePage.webDriverFluentWait(BasePage.java:25)\n\tat com.hotels.bootcamp.qa_autoation_bobby.BasePage.clickOn(BasePage.java:39)\n\tat com.hotels.bootcamp.qa_autoation_bobby.NewLandingPage.clickStuff(NewLandingPage.java:19)\n\tat com.hotels.bootcamp.qa_autoation_bobby.TestCardNumberandPin.cardInfo(TestCardNumberandPin.java:34)\n\tat sun.reflect.NativeMethodAccessorImpl.invoke0(Native Method)\n\tat sun.reflect.NativeMethodAccessorImpl.invoke(Unknown Source)\n\tat sun.reflect.DelegatingMethodAccessorImpl.invoke(Unknown Source)\n\tat java.lang.reflect.Method.invoke(Unknown Source)\n\tat org.testng.internal.MethodInvocationHelper.invokeMethod(MethodInvocationHelper.java:104)\n\tat org.testng.internal.Invoker.invokeMethod(Invoker.java:645)\n\tat org.testng.internal.Invoker.invokeTestMethod(Invoker.java:851)\n\tat org.testng.internal.Invoker.invokeTestMethods(Invoker.java:1177)\n\tat org.testng.internal.TestMethodWorker.invokeTestMethods(TestMethodWorker.java:129)\n\tat org.testng.internal.TestMethodWorker.run(TestMethodWorker.java:112)\n\tat org.testng.TestRunner.privateRun(TestRunner.java:756)\n\tat org.testng.TestRunner.run(TestRunner.java:610)\n\tat org.testng.SuiteRunner.runTest(SuiteRunner.java:387)\n\tat org.testng.SuiteRunner.runSequentially(SuiteRunner.java:382)\n\tat org.testng.SuiteRunner.privateRun(SuiteRunner.java:340)\n\tat org.testng.SuiteRunner.run(SuiteRunner.java:289)\n\tat org.testng.SuiteRunnerWorker.runSuite(SuiteRunnerWorker.java:52)\n\tat org.testng.SuiteRunnerWorker.run(SuiteRunnerWorker.java:86)\n\tat org.testng.TestNG.runSuitesSequentially(TestNG.java:1293)\n\tat org.testng.TestNG.runSuitesLocally(TestNG.java:1218)\n\tat org.testng.TestNG.runSuites(TestNG.java:1133)\n\tat org.testng.TestNG.run(TestNG.java:1104)\n\tat org.testng.remote.AbstractRemoteTestNG.run(AbstractRemoteTestNG.java:132)\n\tat org.testng.remote.RemoteTestNG.initAndRun(RemoteTestNG.java:236)\n\tat org.testng.remote.RemoteTestNG.main(RemoteTestNG.java:81)\nCaused by: org.openqa.selenium.NoSuchElementException: no such element: Unable to locate element: {\"method\":\"xpath\",\"selector\":\".//*[@id='book-now-button']\"}\n  (Session info: chrome=57.0.2987.133)\n  (Driver info: chromedriver=2.27.440174 (e97a722caafc2d3a8b807ee115bfb307f7d2cfd9),platform=Windows NT 10.0.14393 x86_64) (WARNING: The server did not provide any stacktrace information)\nCommand duration or timeout: 31.98 seconds\nFor documentation on this error, please visit: http://seleniumhq.org/exceptions/no_such_element.html\nBuild info: version: '3.0.1', revision: '1969d75', time: '2016-10-18 09:49:13 -0700'\nSystem info: host: 'DESKTOP-T7V4247', ip: '192.168.75.1', os.name: 'Windows 10', os.arch: 'amd64', os.version: '10.0', java.version: '1.8.0_111'\nDriver info: org.openqa.selenium.chrome.ChromeDriver\nCapabilities [{applicationCacheEnabled=false, rotatable=false, mobileEmulationEnabled=false, networkConnectionEnabled=false, chrome={chromedriverVersion=2.27.440174 (e97a722caafc2d3a8b807ee115bfb307f7d2cfd9), userDataDir=C:\\Users\\bobby\\AppData\\Local\\Temp\\scoped_dir9624_20059}, takesHeapSnapshot=true, pageLoadStrategy=normal, databaseEnabled=false, handlesAlerts=true, hasTouchScreen=false, version=57.0.2987.133, platform=XP, browserConnectionEnabled=false, nativeEvents=true, acceptSslCerts=true, locationContextEnabled=true, webStorageEnabled=true, browserName=chrome, takesScreenshot=true, javascriptEnabled=true, cssSelectorsEnabled=true, unexpectedAlertBehaviour=}]\nSession ID: 983ffbfdcb0f5b7a4882656f2ad949b7\n*** Element info: {Using=xpath, value=.//*[@id='book-now-button']}\n\tat sun.reflect.NativeConstructorAccessorImpl.newInstance0(Native Method)\n\tat sun.reflect.NativeConstructorAccessorImpl.newInstance(Unknown Source)\n\tat sun.reflect.DelegatingConstructorAccessorImpl.newInstance(Unknown Source)\n\tat java.lang.reflect.Constructor.newInstance(Unknown Source)\n\tat org.openqa.selenium.remote.ErrorHandler.createThrowable(ErrorHandler.java:216)\n\tat org.openqa.selenium.remote.ErrorHandler.throwIfResponseFailed(ErrorHandler.java:168)\n\tat org.openqa.selenium.remote.RemoteWebDriver.execute(RemoteWebDriver.java:635)\n\tat org.openqa.selenium.remote.RemoteWebDriver.findElement(RemoteWebDriver.java:368)\n\tat org.openqa.selenium.remote.RemoteWebDriver.findElementByXPath(RemoteWebDriver.java:473)\n\tat org.openqa.selenium.By$ByXPath.findElement(By.java:361)\n\tat org.openqa.selenium.remote.RemoteWebDriver.findElement(RemoteWebDriver.java:360)\n\tat com.hotels.bootcamp.qa_autoation_bobby.BasePage$1.apply(BasePage.java:27)\n\tat com.hotels.bootcamp.qa_autoation_bobby.BasePage$1.apply(BasePage.java:1)\n\tat org.openqa.selenium.support.ui.FluentWait.until(FluentWait.java:238)\n\t... 29 more\n"
      },
      "testCases" : [ {
        "uid" : "30ba18c49048c5e0",
        "name" : "cardInfo",
        "title" : "Card info",
        "time" : {
          "start" : 1492185255222,
          "stop" : 1492185315661,
          "duration" : 60439
        },
        "severity" : "NORMAL",
        "status" : "BROKEN"
      }, {
        "uid" : "43c3724cefbaad87",
        "name" : "GiftCard",
        "title" : "Gift card",
        "time" : {
          "start" : 1492127390000,
          "stop" : 1492127430732,
          "duration" : 40732
        },
        "severity" : "NORMAL",
        "status" : "BROKEN"
      }, {
        "uid" : "53b8c4a0c67ab8ca",
        "name" : "GiftCard",
        "title" : "Gift card",
        "time" : {
          "start" : 1492187991862,
          "stop" : 1492188052798,
          "duration" : 60936
        },
        "severity" : "NORMAL",
        "status" : "BROKEN"
      } ]
    }, {
      "uid" : "56dead298c43601d",
      "failure" : {
        "message" : "WebDriverException: unknown error: Element <span>...</span> is not clickable at point (916, 572). Other element would receive the click: <p>...</p>\n  (Session info: chrome=57.0.2987.133)\n  (Driver info: chromedriver=2.27.440174 (e97a722caafc2d3a8b807ee115bfb307f7d2cfd9),platform=Windows NT 10.0.14393 x86_64) (WARNING: The server did not provide any stacktrace information)\nCommand duration or timeout: 62 milliseconds\nBuild info: version: '3.0.1', revision: '1969d75', time: '2016-10-18 09:49:13 -0700'\nSystem info: host: 'DESKTOP-T7V4247', ip: '192.168.75.1', os.name: 'Windows 10', os.arch: 'amd64', os.version: '10.0', java.version: '1.8.0_111'\nDriver info: org.openqa.selenium.chrome.ChromeDriver\nCapabilities [{applicationCacheEnabled=false, rotatable=false, mobileEmulationEnabled=false, networkConnectionEnabled=false, chrome={chromedriverVersion=2.27.440174 (e97a722caafc2d3a8b807ee115bfb307f7d2cfd9), userDataDir=C:\\Users\\bobby\\AppData\\Local\\Temp\\scoped_dir6476_18556}, takesHeapSnapshot=true, pageLoadStrategy=normal, databaseEnabled=false, handlesAlerts=true, hasTouchScreen=false, version=57.0.2987.133, platform=XP, browserConnectionEnabled=false, nativeEvents=true, acceptSslCerts=true, locationContextEnabled=true, webStorageEnabled=true, browserName=chrome, takesScreenshot=true, javascriptEnabled=true, cssSelectorsEnabled=true, unexpectedAlertBehaviour=}]\nSession ID: 528d9151f0ecdce0dc5fd10fddfe941a",
        "stackTrace" : "org.openqa.selenium.WebDriverException: unknown error: Element <span>...</span> is not clickable at point (916, 572). Other element would receive the click: <p>...</p>\n  (Session info: chrome=57.0.2987.133)\n  (Driver info: chromedriver=2.27.440174 (e97a722caafc2d3a8b807ee115bfb307f7d2cfd9),platform=Windows NT 10.0.14393 x86_64) (WARNING: The server did not provide any stacktrace information)\nCommand duration or timeout: 62 milliseconds\nBuild info: version: '3.0.1', revision: '1969d75', time: '2016-10-18 09:49:13 -0700'\nSystem info: host: 'DESKTOP-T7V4247', ip: '192.168.75.1', os.name: 'Windows 10', os.arch: 'amd64', os.version: '10.0', java.version: '1.8.0_111'\nDriver info: org.openqa.selenium.chrome.ChromeDriver\nCapabilities [{applicationCacheEnabled=false, rotatable=false, mobileEmulationEnabled=false, networkConnectionEnabled=false, chrome={chromedriverVersion=2.27.440174 (e97a722caafc2d3a8b807ee115bfb307f7d2cfd9), userDataDir=C:\\Users\\bobby\\AppData\\Local\\Temp\\scoped_dir6476_18556}, takesHeapSnapshot=true, pageLoadStrategy=normal, databaseEnabled=false, handlesAlerts=true, hasTouchScreen=false, version=57.0.2987.133, platform=XP, browserConnectionEnabled=false, nativeEvents=true, acceptSslCerts=true, locationContextEnabled=true, webStorageEnabled=true, browserName=chrome, takesScreenshot=true, javascriptEnabled=true, cssSelectorsEnabled=true, unexpectedAlertBehaviour=}]\nSession ID: 528d9151f0ecdce0dc5fd10fddfe941a\n\tat sun.reflect.NativeConstructorAccessorImpl.newInstance0(Native Method)\n\tat sun.reflect.NativeConstructorAccessorImpl.newInstance(Unknown Source)\n\tat sun.reflect.DelegatingConstructorAccessorImpl.newInstance(Unknown Source)\n\tat java.lang.reflect.Constructor.newInstance(Unknown Source)\n\tat org.openqa.selenium.remote.ErrorHandler.createThrowable(ErrorHandler.java:216)\n\tat org.openqa.selenium.remote.ErrorHandler.throwIfResponseFailed(ErrorHandler.java:168)\n\tat org.openqa.selenium.remote.RemoteWebDriver.execute(RemoteWebDriver.java:635)\n\tat org.openqa.selenium.remote.RemoteWebElement.execute(RemoteWebElement.java:274)\n\tat org.openqa.selenium.remote.RemoteWebElement.click(RemoteWebElement.java:84)\n\tat com.hotels.bootcamp.qa_autoation_bobby.BasePage.clickOn(BasePage.java:39)\n\tat com.hotels.bootcamp.qa_autoation_bobby.NewLandingPage.clickStuff(NewLandingPage.java:19)\n\tat com.hotels.bootcamp.qa_autoation_bobby.TestCardNumberandPin.cardInfo(TestCardNumberandPin.java:33)\n\tat sun.reflect.NativeMethodAccessorImpl.invoke0(Native Method)\n\tat sun.reflect.NativeMethodAccessorImpl.invoke(Unknown Source)\n\tat sun.reflect.DelegatingMethodAccessorImpl.invoke(Unknown Source)\n\tat java.lang.reflect.Method.invoke(Unknown Source)\n\tat org.testng.internal.MethodInvocationHelper.invokeMethod(MethodInvocationHelper.java:104)\n\tat org.testng.internal.Invoker.invokeMethod(Invoker.java:645)\n\tat org.testng.internal.Invoker.invokeTestMethod(Invoker.java:851)\n\tat org.testng.internal.Invoker.invokeTestMethods(Invoker.java:1177)\n\tat org.testng.internal.TestMethodWorker.invokeTestMethods(TestMethodWorker.java:129)\n\tat org.testng.internal.TestMethodWorker.run(TestMethodWorker.java:112)\n\tat org.testng.TestRunner.privateRun(TestRunner.java:756)\n\tat org.testng.TestRunner.run(TestRunner.java:610)\n\tat org.testng.SuiteRunner.runTest(SuiteRunner.java:387)\n\tat org.testng.SuiteRunner.runSequentially(SuiteRunner.java:382)\n\tat org.testng.SuiteRunner.privateRun(SuiteRunner.java:340)\n\tat org.testng.SuiteRunner.run(SuiteRunner.java:289)\n\tat org.testng.SuiteRunnerWorker.runSuite(SuiteRunnerWorker.java:52)\n\tat org.testng.SuiteRunnerWorker.run(SuiteRunnerWorker.java:86)\n\tat org.testng.TestNG.runSuitesSequentially(TestNG.java:1293)\n\tat org.testng.TestNG.runSuitesLocally(TestNG.java:1218)\n\tat org.testng.TestNG.runSuites(TestNG.java:1133)\n\tat org.testng.TestNG.run(TestNG.java:1104)\n\tat org.testng.remote.AbstractRemoteTestNG.run(AbstractRemoteTestNG.java:132)\n\tat org.testng.remote.RemoteTestNG.initAndRun(RemoteTestNG.java:236)\n\tat org.testng.remote.RemoteTestNG.main(RemoteTestNG.java:81)\n"
      },
      "testCases" : [ {
        "uid" : "b108e883549fdfcc",
        "name" : "cardInfo",
        "title" : "Card info",
        "time" : {
          "start" : 1492186401343,
          "stop" : 1492186416659,
          "duration" : 15316
        },
        "severity" : "NORMAL",
        "status" : "BROKEN"
      } ]
    }, {
      "uid" : "843760f4e711c374",
      "failure" : {
        "message" : "WebDriverException: unknown error: Element <button type=\"submit\" class=\"cta etp-overlay-trigger\" data-etp-interstitial-data-id=\"etpInterstitials.room-1-rateplan-1\" data-etp-booking-params-data-id=\"bookingParams.room-1-rateplan-1\">...</button> is not clickable at point (942, 589). Other element would receive the click: <div class=\"map-widget\" style=\"background-image:url('https://maps-api-ssl.google.com/maps/api/staticmap?center=40.761527,-73.988162&amp;zoom=13&amp;size=340x160&amp;format=jpg&amp;sensor=false&amp;channel=hotels.com-web.desktop.property.description&amp;client=gme-expedia&amp;signature=7l3b-U0jL_z22vE6WTXaH4t1GjI=')\"></div>\n  (Session info: chrome=57.0.2987.133)\n  (Driver info: chromedriver=2.27.440174 (e97a722caafc2d3a8b807ee115bfb307f7d2cfd9),platform=Windows NT 10.0.14393 x86_64) (WARNING: The server did not provide any stacktrace information)\nCommand duration or timeout: 102 milliseconds\nBuild info: version: '3.0.1', revision: '1969d75', time: '2016-10-18 09:49:13 -0700'\nSystem info: host: 'DESKTOP-T7V4247', ip: '192.168.75.1', os.name: 'Windows 10', os.arch: 'amd64', os.version: '10.0', java.version: '1.8.0_111'\nDriver info: org.openqa.selenium.chrome.ChromeDriver\nCapabilities [{applicationCacheEnabled=false, rotatable=false, mobileEmulationEnabled=false, networkConnectionEnabled=false, chrome={chromedriverVersion=2.27.440174 (e97a722caafc2d3a8b807ee115bfb307f7d2cfd9), userDataDir=C:\\Users\\bobby\\AppData\\Local\\Temp\\scoped_dir11472_1621}, takesHeapSnapshot=true, pageLoadStrategy=normal, databaseEnabled=false, handlesAlerts=true, hasTouchScreen=false, version=57.0.2987.133, platform=XP, browserConnectionEnabled=false, nativeEvents=true, acceptSslCerts=true, locationContextEnabled=true, webStorageEnabled=true, browserName=chrome, takesScreenshot=true, javascriptEnabled=true, cssSelectorsEnabled=true, unexpectedAlertBehaviour=}]\nSession ID: 40404a075ecfd752fd8a3f7022c77e69",
        "stackTrace" : "org.openqa.selenium.WebDriverException: unknown error: Element <button type=\"submit\" class=\"cta etp-overlay-trigger\" data-etp-interstitial-data-id=\"etpInterstitials.room-1-rateplan-1\" data-etp-booking-params-data-id=\"bookingParams.room-1-rateplan-1\">...</button> is not clickable at point (942, 589). Other element would receive the click: <div class=\"map-widget\" style=\"background-image:url('https://maps-api-ssl.google.com/maps/api/staticmap?center=40.761527,-73.988162&amp;zoom=13&amp;size=340x160&amp;format=jpg&amp;sensor=false&amp;channel=hotels.com-web.desktop.property.description&amp;client=gme-expedia&amp;signature=7l3b-U0jL_z22vE6WTXaH4t1GjI=')\"></div>\n  (Session info: chrome=57.0.2987.133)\n  (Driver info: chromedriver=2.27.440174 (e97a722caafc2d3a8b807ee115bfb307f7d2cfd9),platform=Windows NT 10.0.14393 x86_64) (WARNING: The server did not provide any stacktrace information)\nCommand duration or timeout: 102 milliseconds\nBuild info: version: '3.0.1', revision: '1969d75', time: '2016-10-18 09:49:13 -0700'\nSystem info: host: 'DESKTOP-T7V4247', ip: '192.168.75.1', os.name: 'Windows 10', os.arch: 'amd64', os.version: '10.0', java.version: '1.8.0_111'\nDriver info: org.openqa.selenium.chrome.ChromeDriver\nCapabilities [{applicationCacheEnabled=false, rotatable=false, mobileEmulationEnabled=false, networkConnectionEnabled=false, chrome={chromedriverVersion=2.27.440174 (e97a722caafc2d3a8b807ee115bfb307f7d2cfd9), userDataDir=C:\\Users\\bobby\\AppData\\Local\\Temp\\scoped_dir11472_1621}, takesHeapSnapshot=true, pageLoadStrategy=normal, databaseEnabled=false, handlesAlerts=true, hasTouchScreen=false, version=57.0.2987.133, platform=XP, browserConnectionEnabled=false, nativeEvents=true, acceptSslCerts=true, locationContextEnabled=true, webStorageEnabled=true, browserName=chrome, takesScreenshot=true, javascriptEnabled=true, cssSelectorsEnabled=true, unexpectedAlertBehaviour=}]\nSession ID: 40404a075ecfd752fd8a3f7022c77e69\n\tat sun.reflect.NativeConstructorAccessorImpl.newInstance0(Native Method)\n\tat sun.reflect.NativeConstructorAccessorImpl.newInstance(Unknown Source)\n\tat sun.reflect.DelegatingConstructorAccessorImpl.newInstance(Unknown Source)\n\tat java.lang.reflect.Constructor.newInstance(Unknown Source)\n\tat org.openqa.selenium.remote.ErrorHandler.createThrowable(ErrorHandler.java:216)\n\tat org.openqa.selenium.remote.ErrorHandler.throwIfResponseFailed(ErrorHandler.java:168)\n\tat org.openqa.selenium.remote.RemoteWebDriver.execute(RemoteWebDriver.java:635)\n\tat org.openqa.selenium.remote.RemoteWebElement.execute(RemoteWebElement.java:274)\n\tat org.openqa.selenium.remote.RemoteWebElement.click(RemoteWebElement.java:84)\n\tat com.hotels.bootcamp.qa_autoation_bobby.BasePage.clickOn(BasePage.java:39)\n\tat com.hotels.bootcamp.qa_autoation_bobby.NewLandingPage.clickStuff(NewLandingPage.java:19)\n\tat com.hotels.bootcamp.qa_autoation_bobby.TestCardNumberandPin.cardInfo(TestCardNumberandPin.java:41)\n\tat sun.reflect.NativeMethodAccessorImpl.invoke0(Native Method)\n\tat sun.reflect.NativeMethodAccessorImpl.invoke(Unknown Source)\n\tat sun.reflect.DelegatingMethodAccessorImpl.invoke(Unknown Source)\n\tat java.lang.reflect.Method.invoke(Unknown Source)\n\tat org.testng.internal.MethodInvocationHelper.invokeMethod(MethodInvocationHelper.java:104)\n\tat org.testng.internal.Invoker.invokeMethod(Invoker.java:645)\n\tat org.testng.internal.Invoker.invokeTestMethod(Invoker.java:851)\n\tat org.testng.internal.Invoker.invokeTestMethods(Invoker.java:1177)\n\tat org.testng.internal.TestMethodWorker.invokeTestMethods(TestMethodWorker.java:129)\n\tat org.testng.internal.TestMethodWorker.run(TestMethodWorker.java:112)\n\tat org.testng.TestRunner.privateRun(TestRunner.java:756)\n\tat org.testng.TestRunner.run(TestRunner.java:610)\n\tat org.testng.SuiteRunner.runTest(SuiteRunner.java:387)\n\tat org.testng.SuiteRunner.runSequentially(SuiteRunner.java:382)\n\tat org.testng.SuiteRunner.privateRun(SuiteRunner.java:340)\n\tat org.testng.SuiteRunner.run(SuiteRunner.java:289)\n\tat org.testng.SuiteRunnerWorker.runSuite(SuiteRunnerWorker.java:52)\n\tat org.testng.SuiteRunnerWorker.run(SuiteRunnerWorker.java:86)\n\tat org.testng.TestNG.runSuitesSequentially(TestNG.java:1293)\n\tat org.testng.TestNG.runSuitesLocally(TestNG.java:1218)\n\tat org.testng.TestNG.runSuites(TestNG.java:1133)\n\tat org.testng.TestNG.run(TestNG.java:1104)\n\tat org.testng.remote.AbstractRemoteTestNG.run(AbstractRemoteTestNG.java:132)\n\tat org.testng.remote.RemoteTestNG.initAndRun(RemoteTestNG.java:236)\n\tat org.testng.remote.RemoteTestNG.main(RemoteTestNG.java:81)\n"
      },
      "testCases" : [ {
        "uid" : "9f65bb12ba8f5783",
        "name" : "cardInfo",
        "title" : "Card info",
        "time" : {
          "start" : 1492186472473,
          "stop" : 1492186496120,
          "duration" : 23647
        },
        "severity" : "NORMAL",
        "status" : "BROKEN"
      } ]
    }, {
      "uid" : "5d996cf8fb975b7d",
      "failure" : {
        "message" : "WebDriverException: unknown error: Element <a class=\"cta\" href=\"/travelads/trackredirect.html?trackingUrl=H4sIAAAAAAAAAD2Rx46rWABE_6Y3fm7SvYSWWiNsgg3YNNHAjnDJORq-fnreYlZHOqValCqf5376wrB5DFdUh8n0mdcTGlf0GXcNZv-1fDJZv6qIEbZS2K2bUT39H13rIq7--a3HVdFmQjiH39emP6taRhZzxdYp4AO_G_CRgYExGEcrRg9800Bwh6bUMfiPhrqHSPObkRmcyew7fLKX4LjH2gNa6Y0R4aIoDD4Jguotx7xjww62ZG32Pt26p7dLvsFJbEYe71Y9_I66Yxx8wiQvvYtviimRRLE-aJhlucZw1LkmU0qLl4rzY1OqHYCsFd67cZurZdW6O3zDR2xCHrswTuDs9vYSrM3aLQy7CXIOXL2ui8ziN3Gx2TmTh6meH5aXrS67Ay8WrpektQogH6ymUKpqi4rJPQ7CJCz9LgoZKXEzUCtd59h3FjKSPV3i6jFk4jvQ6MrajKbcUVV0ZJoIF73XVqVkcv_2WslTHPsnzhEITnFetm6FrKY9FpyTKV6UcswtmaKJJ9PGUgNiw1CK7OHCXnrVBq3QMKJLeyf4QUPAXj10U3TDeEe0ix3UyYGMG9mmU7fp2r6bqtB8MYtUfRIMibzm7FtZcGsSpr4miSBXjktOt0aLxN8fpfeRRI-HYaaiWK6OTJT1DRdbOIW54XEeo8ZptCjkC-faeQTpJrmVLU-gl3kTXryhR0ED1H4C8-bszeWBx4gbmMkdTyf3-mreWcBaNhjK-2IFteW-V12uD0risGQc02f_Zn_uqzYvGQ5pzBGaQf7d0xq9dwHKxKGeC-70IfPSGA1P17_m9mMQuKdKJafgut-POYh-yntTP9jsaYiYQNjKouizcsXBbX7xWuZvJapFO9DzU5PN75Z7u3wzCM_S7Y4TD5cTARxzoplrmtw8lvXVZGTKdP2Zl21q2uICMlUQ7NCsI4fR8WUTEnSy5ZffEDz1WmSbGLDo-greautnLuhGaaD646dKH4KAWQvvdNqBzzlTpX51HZ8RcDg6GuVqMAtoGSxFXgKYdSf7hU3-JPKxXHohzH9mbNoeiSABWqleLOMsehSZnrTtx816IbUBL90BkK3M9EqWrBQWxqkkG7nryjITBWpgWF1x1IjKTmKqrLtXwhV4_pRpsn4TY_0ZXSNsqr0-rU2CKrY5indtwmaVl6gugPpw9MiQ1hPiP8awrb6JjxlNs4vGqehafUXjWCTom2AY5pP8QzIc80n8ITmc-8T_UDj9FwzF_AKQOP4fAKQ_8Y84bJMiCWd0a-SlSL4RpLmQgdQZMQl3BiwVn0OA6HME45gkEyLESfQRoTDu2vs0LSj5JnGCOePgTACboL9w-AWpj9s0xvld-IYxSSAE4ZkI0_AMUEyew4RMzwyHxywXJTBE5L8hnU4MJwUAAA..&amp;targetUrl=H4sIAAAAAAAAAEWNwQ6CMBBE_2ZvKy1g0MPGi8jJeMBE8VbbJjQWCmX5fxsT9TKZvMzLZH1g6zNjWTm_bHoe_GFG3Vv9wrAy5UJWKErMJXyxG39UlnC71LRNeUw5YwxhQJGGzptoRxIwKZLA6knGLjq6iV0Y4XOKzpAsxW5f_EVlVs8L5dA1pySfmytV8GjvqbddTcUbuK2jBK8AAAA.\" target=\"_blank\">...</a> is not clickable at point (916, 572). Other element would receive the click: <p>...</p>\n  (Session info: chrome=57.0.2987.133)\n  (Driver info: chromedriver=2.27.440174 (e97a722caafc2d3a8b807ee115bfb307f7d2cfd9),platform=Windows NT 10.0.14393 x86_64) (WARNING: The server did not provide any stacktrace information)\nCommand duration or timeout: 65 milliseconds\nBuild info: version: '3.0.1', revision: '1969d75', time: '2016-10-18 09:49:13 -0700'\nSystem info: host: 'DESKTOP-T7V4247', ip: '192.168.75.1', os.name: 'Windows 10', os.arch: 'amd64', os.version: '10.0', java.version: '1.8.0_111'\nDriver info: org.openqa.selenium.chrome.ChromeDriver\nCapabilities [{applicationCacheEnabled=false, rotatable=false, mobileEmulationEnabled=false, networkConnectionEnabled=false, chrome={chromedriverVersion=2.27.440174 (e97a722caafc2d3a8b807ee115bfb307f7d2cfd9), userDataDir=C:\\Users\\bobby\\AppData\\Local\\Temp\\scoped_dir13840_17619}, takesHeapSnapshot=true, pageLoadStrategy=normal, databaseEnabled=false, handlesAlerts=true, hasTouchScreen=false, version=57.0.2987.133, platform=XP, browserConnectionEnabled=false, nativeEvents=true, acceptSslCerts=true, locationContextEnabled=true, webStorageEnabled=true, browserName=chrome, takesScreenshot=true, javascriptEnabled=true, cssSelectorsEnabled=true, unexpectedAlertBehaviour=}]\nSession ID: d3f2b4eaa70274519fb50d2a639d3afd",
        "stackTrace" : "org.openqa.selenium.WebDriverException: unknown error: Element <a class=\"cta\" href=\"/travelads/trackredirect.html?trackingUrl=H4sIAAAAAAAAAD2Rx46rWABE_6Y3fm7SvYSWWiNsgg3YNNHAjnDJORq-fnreYlZHOqValCqf5376wrB5DFdUh8n0mdcTGlf0GXcNZv-1fDJZv6qIEbZS2K2bUT39H13rIq7--a3HVdFmQjiH39emP6taRhZzxdYp4AO_G_CRgYExGEcrRg9800Bwh6bUMfiPhrqHSPObkRmcyew7fLKX4LjH2gNa6Y0R4aIoDD4Jguotx7xjww62ZG32Pt26p7dLvsFJbEYe71Y9_I66Yxx8wiQvvYtviimRRLE-aJhlucZw1LkmU0qLl4rzY1OqHYCsFd67cZurZdW6O3zDR2xCHrswTuDs9vYSrM3aLQy7CXIOXL2ui8ziN3Gx2TmTh6meH5aXrS67Ay8WrpektQogH6ymUKpqi4rJPQ7CJCz9LgoZKXEzUCtd59h3FjKSPV3i6jFk4jvQ6MrajKbcUVV0ZJoIF73XVqVkcv_2WslTHPsnzhEITnFetm6FrKY9FpyTKV6UcswtmaKJJ9PGUgNiw1CK7OHCXnrVBq3QMKJLeyf4QUPAXj10U3TDeEe0ix3UyYGMG9mmU7fp2r6bqtB8MYtUfRIMibzm7FtZcGsSpr4miSBXjktOt0aLxN8fpfeRRI-HYaaiWK6OTJT1DRdbOIW54XEeo8ZptCjkC-faeQTpJrmVLU-gl3kTXryhR0ED1H4C8-bszeWBx4gbmMkdTyf3-mreWcBaNhjK-2IFteW-V12uD0risGQc02f_Zn_uqzYvGQ5pzBGaQf7d0xq9dwHKxKGeC-70IfPSGA1P17_m9mMQuKdKJafgut-POYh-yntTP9jsaYiYQNjKouizcsXBbX7xWuZvJapFO9DzU5PN75Z7u3wzCM_S7Y4TD5cTARxzoplrmtw8lvXVZGTKdP2Zl21q2uICMlUQ7NCsI4fR8WUTEnSy5ZffEDz1WmSbGLDo-greautnLuhGaaD646dKH4KAWQvvdNqBzzlTpX51HZ8RcDg6GuVqMAtoGSxFXgKYdSf7hU3-JPKxXHohzH9mbNoeiSABWqleLOMsehSZnrTtx816IbUBL90BkK3M9EqWrBQWxqkkG7nryjITBWpgWF1x1IjKTmKqrLtXwhV4_pRpsn4TY_0ZXSNsqr0-rU2CKrY5indtwmaVl6gugPpw9MiQ1hPiP8awrb6JjxlNs4vGqehafUXjWCTom2AY5pP8QzIc80n8ITmc-8T_UDj9FwzF_AKQOP4fAKQ_8Y84bJMiCWd0a-SlSL4RpLmQgdQZMQl3BiwVn0OA6HME45gkEyLESfQRoTDu2vs0LSj5JnGCOePgTACboL9w-AWpj9s0xvld-IYxSSAE4ZkI0_AMUEyew4RMzwyHxywXJTBE5L8hnU4MJwUAAA..&amp;targetUrl=H4sIAAAAAAAAAEWNwQ6CMBBE_2ZvKy1g0MPGi8jJeMBE8VbbJjQWCmX5fxsT9TKZvMzLZH1g6zNjWTm_bHoe_GFG3Vv9wrAy5UJWKErMJXyxG39UlnC71LRNeUw5YwxhQJGGzptoRxIwKZLA6knGLjq6iV0Y4XOKzpAsxW5f_EVlVs8L5dA1pySfmytV8GjvqbddTcUbuK2jBK8AAAA.\" target=\"_blank\">...</a> is not clickable at point (916, 572). Other element would receive the click: <p>...</p>\n  (Session info: chrome=57.0.2987.133)\n  (Driver info: chromedriver=2.27.440174 (e97a722caafc2d3a8b807ee115bfb307f7d2cfd9),platform=Windows NT 10.0.14393 x86_64) (WARNING: The server did not provide any stacktrace information)\nCommand duration or timeout: 65 milliseconds\nBuild info: version: '3.0.1', revision: '1969d75', time: '2016-10-18 09:49:13 -0700'\nSystem info: host: 'DESKTOP-T7V4247', ip: '192.168.75.1', os.name: 'Windows 10', os.arch: 'amd64', os.version: '10.0', java.version: '1.8.0_111'\nDriver info: org.openqa.selenium.chrome.ChromeDriver\nCapabilities [{applicationCacheEnabled=false, rotatable=false, mobileEmulationEnabled=false, networkConnectionEnabled=false, chrome={chromedriverVersion=2.27.440174 (e97a722caafc2d3a8b807ee115bfb307f7d2cfd9), userDataDir=C:\\Users\\bobby\\AppData\\Local\\Temp\\scoped_dir13840_17619}, takesHeapSnapshot=true, pageLoadStrategy=normal, databaseEnabled=false, handlesAlerts=true, hasTouchScreen=false, version=57.0.2987.133, platform=XP, browserConnectionEnabled=false, nativeEvents=true, acceptSslCerts=true, locationContextEnabled=true, webStorageEnabled=true, browserName=chrome, takesScreenshot=true, javascriptEnabled=true, cssSelectorsEnabled=true, unexpectedAlertBehaviour=}]\nSession ID: d3f2b4eaa70274519fb50d2a639d3afd\n\tat sun.reflect.NativeConstructorAccessorImpl.newInstance0(Native Method)\n\tat sun.reflect.NativeConstructorAccessorImpl.newInstance(Unknown Source)\n\tat sun.reflect.DelegatingConstructorAccessorImpl.newInstance(Unknown Source)\n\tat java.lang.reflect.Constructor.newInstance(Unknown Source)\n\tat org.openqa.selenium.remote.ErrorHandler.createThrowable(ErrorHandler.java:216)\n\tat org.openqa.selenium.remote.ErrorHandler.throwIfResponseFailed(ErrorHandler.java:168)\n\tat org.openqa.selenium.remote.RemoteWebDriver.execute(RemoteWebDriver.java:635)\n\tat org.openqa.selenium.remote.RemoteWebElement.execute(RemoteWebElement.java:274)\n\tat org.openqa.selenium.remote.RemoteWebElement.click(RemoteWebElement.java:84)\n\tat com.hotels.bootcamp.qa_autoation_bobby.BasePage.clickOn(BasePage.java:39)\n\tat com.hotels.bootcamp.qa_autoation_bobby.NewLandingPage.clickStuff(NewLandingPage.java:19)\n\tat com.hotels.bootcamp.qa_autoation_bobby.TestCardNumberandPin.cardInfo(TestCardNumberandPin.java:33)\n\tat sun.reflect.NativeMethodAccessorImpl.invoke0(Native Method)\n\tat sun.reflect.NativeMethodAccessorImpl.invoke(Unknown Source)\n\tat sun.reflect.DelegatingMethodAccessorImpl.invoke(Unknown Source)\n\tat java.lang.reflect.Method.invoke(Unknown Source)\n\tat org.testng.internal.MethodInvocationHelper.invokeMethod(MethodInvocationHelper.java:104)\n\tat org.testng.internal.Invoker.invokeMethod(Invoker.java:645)\n\tat org.testng.internal.Invoker.invokeTestMethod(Invoker.java:851)\n\tat org.testng.internal.Invoker.invokeTestMethods(Invoker.java:1177)\n\tat org.testng.internal.TestMethodWorker.invokeTestMethods(TestMethodWorker.java:129)\n\tat org.testng.internal.TestMethodWorker.run(TestMethodWorker.java:112)\n\tat org.testng.TestRunner.privateRun(TestRunner.java:756)\n\tat org.testng.TestRunner.run(TestRunner.java:610)\n\tat org.testng.SuiteRunner.runTest(SuiteRunner.java:387)\n\tat org.testng.SuiteRunner.runSequentially(SuiteRunner.java:382)\n\tat org.testng.SuiteRunner.privateRun(SuiteRunner.java:340)\n\tat org.testng.SuiteRunner.run(SuiteRunner.java:289)\n\tat org.testng.SuiteRunnerWorker.runSuite(SuiteRunnerWorker.java:52)\n\tat org.testng.SuiteRunnerWorker.run(SuiteRunnerWorker.java:86)\n\tat org.testng.TestNG.runSuitesSequentially(TestNG.java:1293)\n\tat org.testng.TestNG.runSuitesLocally(TestNG.java:1218)\n\tat org.testng.TestNG.runSuites(TestNG.java:1133)\n\tat org.testng.TestNG.run(TestNG.java:1104)\n\tat org.testng.remote.AbstractRemoteTestNG.run(AbstractRemoteTestNG.java:132)\n\tat org.testng.remote.RemoteTestNG.initAndRun(RemoteTestNG.java:236)\n\tat org.testng.remote.RemoteTestNG.main(RemoteTestNG.java:81)\n"
      },
      "testCases" : [ {
        "uid" : "87cb032c2bca2f07",
        "name" : "cardInfo",
        "title" : "Card info",
        "time" : {
          "start" : 1492185905796,
          "stop" : 1492185916449,
          "duration" : 10653
        },
        "severity" : "NORMAL",
        "status" : "BROKEN"
      } ]
    }, {
      "uid" : "c940ad0b9e0c2d0f",
      "failure" : {
        "message" : "WebDriverException: unknown error: Element <span>...</span> is not clickable at point (916, 572). Other element would receive the click: <div class=\"widget-urgency\" style=\"display: block; height: 41.6316px; overflow: hidden;\">...</div>\n  (Session info: chrome=57.0.2987.133)\n  (Driver info: chromedriver=2.27.440174 (e97a722caafc2d3a8b807ee115bfb307f7d2cfd9),platform=Windows NT 10.0.14393 x86_64) (WARNING: The server did not provide any stacktrace information)\nCommand duration or timeout: 100 milliseconds\nBuild info: version: '3.0.1', revision: '1969d75', time: '2016-10-18 09:49:13 -0700'\nSystem info: host: 'DESKTOP-T7V4247', ip: '192.168.75.1', os.name: 'Windows 10', os.arch: 'amd64', os.version: '10.0', java.version: '1.8.0_111'\nDriver info: org.openqa.selenium.chrome.ChromeDriver\nCapabilities [{applicationCacheEnabled=false, rotatable=false, mobileEmulationEnabled=false, networkConnectionEnabled=false, chrome={chromedriverVersion=2.27.440174 (e97a722caafc2d3a8b807ee115bfb307f7d2cfd9), userDataDir=C:\\Users\\bobby\\AppData\\Local\\Temp\\scoped_dir9440_2896}, takesHeapSnapshot=true, pageLoadStrategy=normal, databaseEnabled=false, handlesAlerts=true, hasTouchScreen=false, version=57.0.2987.133, platform=XP, browserConnectionEnabled=false, nativeEvents=true, acceptSslCerts=true, locationContextEnabled=true, webStorageEnabled=true, browserName=chrome, takesScreenshot=true, javascriptEnabled=true, cssSelectorsEnabled=true, unexpectedAlertBehaviour=}]\nSession ID: e3defaf2bfaa7bcac9cb24f8ed2557e9",
        "stackTrace" : "org.openqa.selenium.WebDriverException: unknown error: Element <span>...</span> is not clickable at point (916, 572). Other element would receive the click: <div class=\"widget-urgency\" style=\"display: block; height: 41.6316px; overflow: hidden;\">...</div>\n  (Session info: chrome=57.0.2987.133)\n  (Driver info: chromedriver=2.27.440174 (e97a722caafc2d3a8b807ee115bfb307f7d2cfd9),platform=Windows NT 10.0.14393 x86_64) (WARNING: The server did not provide any stacktrace information)\nCommand duration or timeout: 100 milliseconds\nBuild info: version: '3.0.1', revision: '1969d75', time: '2016-10-18 09:49:13 -0700'\nSystem info: host: 'DESKTOP-T7V4247', ip: '192.168.75.1', os.name: 'Windows 10', os.arch: 'amd64', os.version: '10.0', java.version: '1.8.0_111'\nDriver info: org.openqa.selenium.chrome.ChromeDriver\nCapabilities [{applicationCacheEnabled=false, rotatable=false, mobileEmulationEnabled=false, networkConnectionEnabled=false, chrome={chromedriverVersion=2.27.440174 (e97a722caafc2d3a8b807ee115bfb307f7d2cfd9), userDataDir=C:\\Users\\bobby\\AppData\\Local\\Temp\\scoped_dir9440_2896}, takesHeapSnapshot=true, pageLoadStrategy=normal, databaseEnabled=false, handlesAlerts=true, hasTouchScreen=false, version=57.0.2987.133, platform=XP, browserConnectionEnabled=false, nativeEvents=true, acceptSslCerts=true, locationContextEnabled=true, webStorageEnabled=true, browserName=chrome, takesScreenshot=true, javascriptEnabled=true, cssSelectorsEnabled=true, unexpectedAlertBehaviour=}]\nSession ID: e3defaf2bfaa7bcac9cb24f8ed2557e9\n\tat sun.reflect.NativeConstructorAccessorImpl.newInstance0(Native Method)\n\tat sun.reflect.NativeConstructorAccessorImpl.newInstance(Unknown Source)\n\tat sun.reflect.DelegatingConstructorAccessorImpl.newInstance(Unknown Source)\n\tat java.lang.reflect.Constructor.newInstance(Unknown Source)\n\tat org.openqa.selenium.remote.ErrorHandler.createThrowable(ErrorHandler.java:216)\n\tat org.openqa.selenium.remote.ErrorHandler.throwIfResponseFailed(ErrorHandler.java:168)\n\tat org.openqa.selenium.remote.RemoteWebDriver.execute(RemoteWebDriver.java:635)\n\tat org.openqa.selenium.remote.RemoteWebElement.execute(RemoteWebElement.java:274)\n\tat org.openqa.selenium.remote.RemoteWebElement.click(RemoteWebElement.java:84)\n\tat com.hotels.bootcamp.qa_autoation_bobby.BasePage.clickOn(BasePage.java:39)\n\tat com.hotels.bootcamp.qa_autoation_bobby.NewLandingPage.clickStuff(NewLandingPage.java:19)\n\tat com.hotels.bootcamp.qa_autoation_bobby.TestCardNumberandPin.cardInfo(TestCardNumberandPin.java:33)\n\tat sun.reflect.NativeMethodAccessorImpl.invoke0(Native Method)\n\tat sun.reflect.NativeMethodAccessorImpl.invoke(Unknown Source)\n\tat sun.reflect.DelegatingMethodAccessorImpl.invoke(Unknown Source)\n\tat java.lang.reflect.Method.invoke(Unknown Source)\n\tat org.testng.internal.MethodInvocationHelper.invokeMethod(MethodInvocationHelper.java:104)\n\tat org.testng.internal.Invoker.invokeMethod(Invoker.java:645)\n\tat org.testng.internal.Invoker.invokeTestMethod(Invoker.java:851)\n\tat org.testng.internal.Invoker.invokeTestMethods(Invoker.java:1177)\n\tat org.testng.internal.TestMethodWorker.invokeTestMethods(TestMethodWorker.java:129)\n\tat org.testng.internal.TestMethodWorker.run(TestMethodWorker.java:112)\n\tat org.testng.TestRunner.privateRun(TestRunner.java:756)\n\tat org.testng.TestRunner.run(TestRunner.java:610)\n\tat org.testng.SuiteRunner.runTest(SuiteRunner.java:387)\n\tat org.testng.SuiteRunner.runSequentially(SuiteRunner.java:382)\n\tat org.testng.SuiteRunner.privateRun(SuiteRunner.java:340)\n\tat org.testng.SuiteRunner.run(SuiteRunner.java:289)\n\tat org.testng.SuiteRunnerWorker.runSuite(SuiteRunnerWorker.java:52)\n\tat org.testng.SuiteRunnerWorker.run(SuiteRunnerWorker.java:86)\n\tat org.testng.TestNG.runSuitesSequentially(TestNG.java:1293)\n\tat org.testng.TestNG.runSuitesLocally(TestNG.java:1218)\n\tat org.testng.TestNG.runSuites(TestNG.java:1133)\n\tat org.testng.TestNG.run(TestNG.java:1104)\n\tat org.testng.remote.AbstractRemoteTestNG.run(AbstractRemoteTestNG.java:132)\n\tat org.testng.remote.RemoteTestNG.initAndRun(RemoteTestNG.java:236)\n\tat org.testng.remote.RemoteTestNG.main(RemoteTestNG.java:81)\n"
      },
      "testCases" : [ {
        "uid" : "2cfde9c51004d013",
        "name" : "cardInfo",
        "title" : "Card info",
        "time" : {
          "start" : 1492186289140,
          "stop" : 1492186300141,
          "duration" : 11001
        },
        "severity" : "NORMAL",
        "status" : "BROKEN"
      } ]
    }, {
      "uid" : "a234cdcb85e8becf",
      "failure" : {
        "message" : "WebDriverException: unknown error: Element <a class=\"cta\" href=\"/travelads/trackredirect.html?trackingUrl=H4sIAAAAAAAAAD2SybKqygJE_2ZPOG4KEApOxI4bSiOdgqKCzKAopG8LBL7-7XcHd7QiVmbOMiOkG__SNBmiGVdRMn5n1YiHGX-jtqbv_9pDMnq_KkeYnjlabwmuxv8iucpR-c_vHJV581YiEv3IdbcjkvmySDKU3AFHuVkWC7mjCW5lBktNxOlQaSrVCL6joAflgsdjImYXWn5uTquIOBl2dyeM0ZKe0nYyxJxeQ9Su51a1qXMArYzABwLq1hW4IHaq-2oE6pcY9oaKSsdDh2d3urw9IaVsFBWZnUIFr3A5tzRhVb-PUBTq4uFu66eWZI3glv4MhhM1rnr35jq0LKMmzWO3jqga-_ReOcVTX2xSZx7piZ3DwlKKIP-MsVE3F6M6U9F2zDs8KQFJVXGzhtDX3BicpIW2mxAZTRXP9TmzP9cLTb8NDTj09Mrl1rkMJLqylVW6p0JebV_zJF5Xo-7OseN8sMz6ZJfGqgAhmI5t_lK1Eij7MOanQVkbKz3Vj9dRstz9uB79a-54zrPGAwjPjdxGFd4aF2_LvAjg2O8_eit-rrXgSM--D_wuWQc8NXjYR-LcWZpS2_HNyooP73yGw4q8SfXGh-yDyXWaZ92LaoC2x-Sl8jU30EfyNB5oUqLqft_mfHE6u2F-8dwqjFVWMWffKKbI6H30mktRY9_T255UhUukGWg0Xx-gZa4TFZeNd-xvUjH0hddMFvsEepa7ftfWT3XhynS7fLY0CoSEuYnl5GOu6o8H_lUyGc3DiKxMxebGGIFOafJqthXPt6MZcIMoX_HLmfwbzZ9Jdb3VRb-8Z1oP5YK1CtnWHCqrGTa4aMZFCJfjxSD99ErrVzleZ_VCobSvxGv3DpyxX2tijgJ8XFQZigan5itfFtKjJJPBqJ37OL4Wa4tzh51zylwc_upZVBfrdyOWaCas6kZkAuW6tdA3OAF29MctFJaY8_nOF0_kpkJd9QeY0v54_jSylcX61by7ilzKZ7u0p0fvB74ytrWG5DdYnfRhqUye8bW53fgNePHou8tnZjoyZeLthZMVYH4735LPePukK1lZtc82lVpbqtignHqCbCpiBmM1z-pK629K7slcAODsIP5ChZPuD5HWstLpeV7MbWnxsPKf-xZUL66468H796memKttbRZZ4I2nxKPKCwmHCxYcn1uwzCbV1xA15Q_zRfBInngY87ZxZjwMeYJ_GAjhN_uHhRL8Zv6wEpC-wR8OCP8CcvAXexaA_2PPC9_gC0VNkicRwXp9mvLkR8ACLwgM3CUxArs9hGgnAZHbcUDi-JSH_F7EXzGOUNsY4zjh5IcFv22w3zH7OyP8BeLfPfjSxwFlhvITxVjYx6y4Y1gh2u0ZCHYxuxd3URzjBDKYTfjkfzoOszUnBQAA&amp;targetUrl=H4sIAAAAAAAAAEWNwQ6CMBBE_2ZvKy1g0MPGi8jJeMBE8VbbJjQWCmX5fxsT9TKZvMzLZH1g6zNjWTm_bHoe_GFG3Vv9wrAy5UJWKErMJXyxG39UlnC71LRNeUw5YwxhQJGGzptoRxIwKZLA6knGLjq6iV0Y4XOKzpAsxW5f_EVlVs8L5dA1pySfmytV8GjvqbddTcUbuK2jBK8AAAA.\" target=\"_blank\">...</a> is not clickable at point (916, 572). Other element would receive the click: <p>...</p>\n  (Session info: chrome=57.0.2987.133)\n  (Driver info: chromedriver=2.27.440174 (e97a722caafc2d3a8b807ee115bfb307f7d2cfd9),platform=Windows NT 10.0.14393 x86_64) (WARNING: The server did not provide any stacktrace information)\nCommand duration or timeout: 86 milliseconds\nBuild info: version: '3.0.1', revision: '1969d75', time: '2016-10-18 09:49:13 -0700'\nSystem info: host: 'DESKTOP-T7V4247', ip: '192.168.75.1', os.name: 'Windows 10', os.arch: 'amd64', os.version: '10.0', java.version: '1.8.0_111'\nDriver info: org.openqa.selenium.chrome.ChromeDriver\nCapabilities [{applicationCacheEnabled=false, rotatable=false, mobileEmulationEnabled=false, networkConnectionEnabled=false, chrome={chromedriverVersion=2.27.440174 (e97a722caafc2d3a8b807ee115bfb307f7d2cfd9), userDataDir=C:\\Users\\bobby\\AppData\\Local\\Temp\\scoped_dir12412_32501}, takesHeapSnapshot=true, pageLoadStrategy=normal, databaseEnabled=false, handlesAlerts=true, hasTouchScreen=false, version=57.0.2987.133, platform=XP, browserConnectionEnabled=false, nativeEvents=true, acceptSslCerts=true, locationContextEnabled=true, webStorageEnabled=true, browserName=chrome, takesScreenshot=true, javascriptEnabled=true, cssSelectorsEnabled=true, unexpectedAlertBehaviour=}]\nSession ID: 93e1ac908365fd370c7bf5f331e7e398",
        "stackTrace" : "org.openqa.selenium.WebDriverException: unknown error: Element <a class=\"cta\" href=\"/travelads/trackredirect.html?trackingUrl=H4sIAAAAAAAAAD2SybKqygJE_2ZPOG4KEApOxI4bSiOdgqKCzKAopG8LBL7-7XcHd7QiVmbOMiOkG__SNBmiGVdRMn5n1YiHGX-jtqbv_9pDMnq_KkeYnjlabwmuxv8iucpR-c_vHJV581YiEv3IdbcjkvmySDKU3AFHuVkWC7mjCW5lBktNxOlQaSrVCL6joAflgsdjImYXWn5uTquIOBl2dyeM0ZKe0nYyxJxeQ9Su51a1qXMArYzABwLq1hW4IHaq-2oE6pcY9oaKSsdDh2d3urw9IaVsFBWZnUIFr3A5tzRhVb-PUBTq4uFu66eWZI3glv4MhhM1rnr35jq0LKMmzWO3jqga-_ReOcVTX2xSZx7piZ3DwlKKIP-MsVE3F6M6U9F2zDs8KQFJVXGzhtDX3BicpIW2mxAZTRXP9TmzP9cLTb8NDTj09Mrl1rkMJLqylVW6p0JebV_zJF5Xo-7OseN8sMz6ZJfGqgAhmI5t_lK1Eij7MOanQVkbKz3Vj9dRstz9uB79a-54zrPGAwjPjdxGFd4aF2_LvAjg2O8_eit-rrXgSM--D_wuWQc8NXjYR-LcWZpS2_HNyooP73yGw4q8SfXGh-yDyXWaZ92LaoC2x-Sl8jU30EfyNB5oUqLqft_mfHE6u2F-8dwqjFVWMWffKKbI6H30mktRY9_T255UhUukGWg0Xx-gZa4TFZeNd-xvUjH0hddMFvsEepa7ftfWT3XhynS7fLY0CoSEuYnl5GOu6o8H_lUyGc3DiKxMxebGGIFOafJqthXPt6MZcIMoX_HLmfwbzZ9Jdb3VRb-8Z1oP5YK1CtnWHCqrGTa4aMZFCJfjxSD99ErrVzleZ_VCobSvxGv3DpyxX2tijgJ8XFQZigan5itfFtKjJJPBqJ37OL4Wa4tzh51zylwc_upZVBfrdyOWaCas6kZkAuW6tdA3OAF29MctFJaY8_nOF0_kpkJd9QeY0v54_jSylcX61by7ilzKZ7u0p0fvB74ytrWG5DdYnfRhqUye8bW53fgNePHou8tnZjoyZeLthZMVYH4735LPePukK1lZtc82lVpbqtignHqCbCpiBmM1z-pK629K7slcAODsIP5ChZPuD5HWstLpeV7MbWnxsPKf-xZUL66468H796memKttbRZZ4I2nxKPKCwmHCxYcn1uwzCbV1xA15Q_zRfBInngY87ZxZjwMeYJ_GAjhN_uHhRL8Zv6wEpC-wR8OCP8CcvAXexaA_2PPC9_gC0VNkicRwXp9mvLkR8ACLwgM3CUxArs9hGgnAZHbcUDi-JSH_F7EXzGOUNsY4zjh5IcFv22w3zH7OyP8BeLfPfjSxwFlhvITxVjYx6y4Y1gh2u0ZCHYxuxd3URzjBDKYTfjkfzoOszUnBQAA&amp;targetUrl=H4sIAAAAAAAAAEWNwQ6CMBBE_2ZvKy1g0MPGi8jJeMBE8VbbJjQWCmX5fxsT9TKZvMzLZH1g6zNjWTm_bHoe_GFG3Vv9wrAy5UJWKErMJXyxG39UlnC71LRNeUw5YwxhQJGGzptoRxIwKZLA6knGLjq6iV0Y4XOKzpAsxW5f_EVlVs8L5dA1pySfmytV8GjvqbddTcUbuK2jBK8AAAA.\" target=\"_blank\">...</a> is not clickable at point (916, 572). Other element would receive the click: <p>...</p>\n  (Session info: chrome=57.0.2987.133)\n  (Driver info: chromedriver=2.27.440174 (e97a722caafc2d3a8b807ee115bfb307f7d2cfd9),platform=Windows NT 10.0.14393 x86_64) (WARNING: The server did not provide any stacktrace information)\nCommand duration or timeout: 86 milliseconds\nBuild info: version: '3.0.1', revision: '1969d75', time: '2016-10-18 09:49:13 -0700'\nSystem info: host: 'DESKTOP-T7V4247', ip: '192.168.75.1', os.name: 'Windows 10', os.arch: 'amd64', os.version: '10.0', java.version: '1.8.0_111'\nDriver info: org.openqa.selenium.chrome.ChromeDriver\nCapabilities [{applicationCacheEnabled=false, rotatable=false, mobileEmulationEnabled=false, networkConnectionEnabled=false, chrome={chromedriverVersion=2.27.440174 (e97a722caafc2d3a8b807ee115bfb307f7d2cfd9), userDataDir=C:\\Users\\bobby\\AppData\\Local\\Temp\\scoped_dir12412_32501}, takesHeapSnapshot=true, pageLoadStrategy=normal, databaseEnabled=false, handlesAlerts=true, hasTouchScreen=false, version=57.0.2987.133, platform=XP, browserConnectionEnabled=false, nativeEvents=true, acceptSslCerts=true, locationContextEnabled=true, webStorageEnabled=true, browserName=chrome, takesScreenshot=true, javascriptEnabled=true, cssSelectorsEnabled=true, unexpectedAlertBehaviour=}]\nSession ID: 93e1ac908365fd370c7bf5f331e7e398\n\tat sun.reflect.NativeConstructorAccessorImpl.newInstance0(Native Method)\n\tat sun.reflect.NativeConstructorAccessorImpl.newInstance(Unknown Source)\n\tat sun.reflect.DelegatingConstructorAccessorImpl.newInstance(Unknown Source)\n\tat java.lang.reflect.Constructor.newInstance(Unknown Source)\n\tat org.openqa.selenium.remote.ErrorHandler.createThrowable(ErrorHandler.java:216)\n\tat org.openqa.selenium.remote.ErrorHandler.throwIfResponseFailed(ErrorHandler.java:168)\n\tat org.openqa.selenium.remote.RemoteWebDriver.execute(RemoteWebDriver.java:635)\n\tat org.openqa.selenium.remote.RemoteWebElement.execute(RemoteWebElement.java:274)\n\tat org.openqa.selenium.remote.RemoteWebElement.click(RemoteWebElement.java:84)\n\tat com.hotels.bootcamp.qa_autoation_bobby.BasePage.clickOn(BasePage.java:39)\n\tat com.hotels.bootcamp.qa_autoation_bobby.NewLandingPage.clickStuff(NewLandingPage.java:19)\n\tat com.hotels.bootcamp.qa_autoation_bobby.TestCardNumberandPin.cardInfo(TestCardNumberandPin.java:33)\n\tat sun.reflect.NativeMethodAccessorImpl.invoke0(Native Method)\n\tat sun.reflect.NativeMethodAccessorImpl.invoke(Unknown Source)\n\tat sun.reflect.DelegatingMethodAccessorImpl.invoke(Unknown Source)\n\tat java.lang.reflect.Method.invoke(Unknown Source)\n\tat org.testng.internal.MethodInvocationHelper.invokeMethod(MethodInvocationHelper.java:104)\n\tat org.testng.internal.Invoker.invokeMethod(Invoker.java:645)\n\tat org.testng.internal.Invoker.invokeTestMethod(Invoker.java:851)\n\tat org.testng.internal.Invoker.invokeTestMethods(Invoker.java:1177)\n\tat org.testng.internal.TestMethodWorker.invokeTestMethods(TestMethodWorker.java:129)\n\tat org.testng.internal.TestMethodWorker.run(TestMethodWorker.java:112)\n\tat org.testng.TestRunner.privateRun(TestRunner.java:756)\n\tat org.testng.TestRunner.run(TestRunner.java:610)\n\tat org.testng.SuiteRunner.runTest(SuiteRunner.java:387)\n\tat org.testng.SuiteRunner.runSequentially(SuiteRunner.java:382)\n\tat org.testng.SuiteRunner.privateRun(SuiteRunner.java:340)\n\tat org.testng.SuiteRunner.run(SuiteRunner.java:289)\n\tat org.testng.SuiteRunnerWorker.runSuite(SuiteRunnerWorker.java:52)\n\tat org.testng.SuiteRunnerWorker.run(SuiteRunnerWorker.java:86)\n\tat org.testng.TestNG.runSuitesSequentially(TestNG.java:1293)\n\tat org.testng.TestNG.runSuitesLocally(TestNG.java:1218)\n\tat org.testng.TestNG.runSuites(TestNG.java:1133)\n\tat org.testng.TestNG.run(TestNG.java:1104)\n\tat org.testng.remote.AbstractRemoteTestNG.run(AbstractRemoteTestNG.java:132)\n\tat org.testng.remote.RemoteTestNG.initAndRun(RemoteTestNG.java:236)\n\tat org.testng.remote.RemoteTestNG.main(RemoteTestNG.java:81)\n"
      },
      "testCases" : [ {
        "uid" : "77ad95e63cabb527",
        "name" : "cardInfo",
        "title" : "Card info",
        "time" : {
          "start" : 1492186079144,
          "stop" : 1492186091684,
          "duration" : 12540
        },
        "severity" : "NORMAL",
        "status" : "BROKEN"
      } ]
    } ]
  } ]
}